2025-02-16 22:03:51,075 [ERROR] LogOutputStream:75 - [STDERR_REDIRECT] Exception in thread "AWT-EventQueue-0" java.awt.IllegalComponentStateException: component must be showing on the screen to determine its location
2025-02-16 22:03:51,103 [ERROR] LogOutputStream:75 - [STDERR_REDIRECT] 	at java.desktop/java.awt.Component.getLocationOnScreen_NoTreeLock(Component.java:2113)
2025-02-16 22:03:51,105 [ERROR] LogOutputStream:75 - [STDERR_REDIRECT] 	at java.desktop/java.awt.Component.getLocationOnScreen(Component.java:2087)
2025-02-16 22:03:51,110 [ERROR] LogOutputStream:75 - [STDERR_REDIRECT] 	at java.desktop/javax.swing.JPopupMenu.show(JPopupMenu.java:982)
2025-02-16 22:03:51,112 [ERROR] LogOutputStream:75 - [STDERR_REDIRECT] 	at java.desktop/javax.swing.plaf.basic.BasicComboPopup.show(BasicComboPopup.java:235)
2025-02-16 22:03:51,114 [ERROR] LogOutputStream:75 - [STDERR_REDIRECT] 	at java.desktop/javax.swing.plaf.basic.BasicComboPopup.togglePopup(BasicComboPopup.java:1265)
2025-02-16 22:03:51,116 [ERROR] LogOutputStream:75 - [STDERR_REDIRECT] 	at java.desktop/javax.swing.plaf.basic.BasicComboPopup$Handler.mousePressed(BasicComboPopup.java:936)
2025-02-16 22:03:51,117 [ERROR] LogOutputStream:75 - [STDERR_REDIRECT] 	at java.desktop/java.awt.Component.processMouseEvent(Component.java:6618)
2025-02-16 22:03:51,118 [ERROR] LogOutputStream:75 - [STDERR_REDIRECT] 	at java.desktop/javax.swing.JComponent.processMouseEvent(JComponent.java:3398)
2025-02-16 22:03:51,120 [ERROR] LogOutputStream:75 - [STDERR_REDIRECT] 	at java.desktop/java.awt.Component.processEvent(Component.java:6386)
2025-02-16 22:03:51,122 [ERROR] LogOutputStream:75 - [STDERR_REDIRECT] 	at java.desktop/java.awt.Container.processEvent(Container.java:2266)
2025-02-16 22:03:51,123 [ERROR] LogOutputStream:75 - [STDERR_REDIRECT] 	at java.desktop/java.awt.Component.dispatchEventImpl(Component.java:4996)
2025-02-16 22:03:51,124 [ERROR] LogOutputStream:75 - [STDERR_REDIRECT] 	at java.desktop/java.awt.Container.dispatchEventImpl(Container.java:2324)
2025-02-16 22:03:51,126 [ERROR] LogOutputStream:75 - [STDERR_REDIRECT] 	at java.desktop/java.awt.Component.dispatchEvent(Component.java:4828)
2025-02-16 22:03:51,127 [ERROR] LogOutputStream:75 - [STDERR_REDIRECT] 	at java.desktop/javax.swing.plaf.basic.BasicTableUI$Handler.repostEvent(BasicTableUI.java:978)
2025-02-16 22:03:51,129 [ERROR] LogOutputStream:75 - [STDERR_REDIRECT] 	at java.desktop/javax.swing.plaf.basic.BasicTableUI$Handler.adjustSelection(BasicTableUI.java:1140)
2025-02-16 22:03:51,130 [ERROR] LogOutputStream:75 - [STDERR_REDIRECT] 	at java.desktop/javax.swing.plaf.basic.BasicTableUI$Handler.mousePressed(BasicTableUI.java:1068)
2025-02-16 22:03:51,131 [ERROR] LogOutputStream:75 - [STDERR_REDIRECT] 	at java.desktop/java.awt.AWTEventMulticaster.mousePressed(AWTEventMulticaster.java:288)
2025-02-16 22:03:51,133 [ERROR] LogOutputStream:75 - [STDERR_REDIRECT] 	at java.desktop/java.awt.AWTEventMulticaster.mousePressed(AWTEventMulticaster.java:287)
2025-02-16 22:03:51,134 [ERROR] LogOutputStream:75 - [STDERR_REDIRECT] 	at java.desktop/java.awt.AWTEventMulticaster.mousePressed(AWTEventMulticaster.java:287)
2025-02-16 22:03:51,135 [ERROR] LogOutputStream:75 - [STDERR_REDIRECT] 	at java.desktop/java.awt.AWTEventMulticaster.mousePressed(AWTEventMulticaster.java:287)
2025-02-16 22:03:51,137 [ERROR] LogOutputStream:75 - [STDERR_REDIRECT] 	at java.desktop/java.awt.Component.processMouseEvent(Component.java:6618)
2025-02-16 22:03:51,139 [ERROR] LogOutputStream:75 - [STDERR_REDIRECT] 	at java.desktop/javax.swing.JComponent.processMouseEvent(JComponent.java:3398)
2025-02-16 22:03:51,140 [ERROR] LogOutputStream:75 - [STDERR_REDIRECT] 	at java.desktop/java.awt.Component.processEvent(Component.java:6386)
2025-02-16 22:03:51,141 [ERROR] LogOutputStream:75 - [STDERR_REDIRECT] 	at java.desktop/java.awt.Container.processEvent(Container.java:2266)
2025-02-16 22:03:51,142 [ERROR] LogOutputStream:75 - [STDERR_REDIRECT] 	at java.desktop/java.awt.Component.dispatchEventImpl(Component.java:4996)
2025-02-16 22:03:51,143 [ERROR] LogOutputStream:75 - [STDERR_REDIRECT] 	at java.desktop/java.awt.Container.dispatchEventImpl(Container.java:2324)
2025-02-16 22:03:51,144 [ERROR] LogOutputStream:75 - [STDERR_REDIRECT] 	at java.desktop/java.awt.Component.dispatchEvent(Component.java:4828)
2025-02-16 22:03:51,146 [ERROR] LogOutputStream:75 - [STDERR_REDIRECT] 	at java.desktop/java.awt.LightweightDispatcher.retargetMouseEvent(Container.java:4948)
2025-02-16 22:03:51,147 [ERROR] LogOutputStream:75 - [STDERR_REDIRECT] 	at java.desktop/java.awt.LightweightDispatcher.processMouseEvent(Container.java:4572)
2025-02-16 22:03:51,148 [ERROR] LogOutputStream:75 - [STDERR_REDIRECT] 	at java.desktop/java.awt.LightweightDispatcher.dispatchEvent(Container.java:4516)
2025-02-16 22:03:51,149 [ERROR] LogOutputStream:75 - [STDERR_REDIRECT] 	at java.desktop/java.awt.Container.dispatchEventImpl(Container.java:2310)
2025-02-16 22:03:51,150 [ERROR] LogOutputStream:75 - [STDERR_REDIRECT] 	at java.desktop/java.awt.Component.dispatchEvent(Component.java:4828)
2025-02-16 22:03:51,151 [ERROR] LogOutputStream:75 - [STDERR_REDIRECT] 	at java.desktop/java.awt.EventQueue.dispatchEventImpl(EventQueue.java:775)
2025-02-16 22:03:51,152 [ERROR] LogOutputStream:75 - [STDERR_REDIRECT] 	at java.desktop/java.awt.EventQueue$4.run(EventQueue.java:720)
2025-02-16 22:03:51,153 [ERROR] LogOutputStream:75 - [STDERR_REDIRECT] 	at java.desktop/java.awt.EventQueue$4.run(EventQueue.java:714)
2025-02-16 22:03:51,155 [ERROR] LogOutputStream:75 - [STDERR_REDIRECT] 	at java.base/java.security.AccessController.doPrivileged(AccessController.java:400)
2025-02-16 22:03:51,157 [ERROR] LogOutputStream:75 - [STDERR_REDIRECT] 	at java.base/java.security.ProtectionDomain$JavaSecurityAccessImpl.doIntersectionPrivilege(ProtectionDomain.java:87)
2025-02-16 22:03:51,158 [ERROR] LogOutputStream:75 - [STDERR_REDIRECT] 	at java.base/java.security.ProtectionDomain$JavaSecurityAccessImpl.doIntersectionPrivilege(ProtectionDomain.java:98)
2025-02-16 22:03:51,159 [ERROR] LogOutputStream:75 - [STDERR_REDIRECT] 	at java.desktop/java.awt.EventQueue$5.run(EventQueue.java:747)
2025-02-16 22:03:51,160 [ERROR] LogOutputStream:75 - [STDERR_REDIRECT] 	at java.desktop/java.awt.EventQueue$5.run(EventQueue.java:745)
2025-02-16 22:03:51,161 [ERROR] LogOutputStream:75 - [STDERR_REDIRECT] 	at java.base/java.security.AccessController.doPrivileged(AccessController.java:400)
2025-02-16 22:03:51,162 [ERROR] LogOutputStream:75 - [STDERR_REDIRECT] 	at java.base/java.security.ProtectionDomain$JavaSecurityAccessImpl.doIntersectionPrivilege(ProtectionDomain.java:87)
2025-02-16 22:03:51,163 [ERROR] LogOutputStream:75 - [STDERR_REDIRECT] 	at java.desktop/java.awt.EventQueue.dispatchEvent(EventQueue.java:744)
2025-02-16 22:03:51,164 [ERROR] LogOutputStream:75 - [STDERR_REDIRECT] 	at java.desktop/java.awt.EventDispatchThread.pumpOneEventForFilters(EventDispatchThread.java:203)
2025-02-16 22:03:51,166 [ERROR] LogOutputStream:75 - [STDERR_REDIRECT] 	at java.desktop/java.awt.EventDispatchThread.pumpEventsForFilter(EventDispatchThread.java:124)
2025-02-16 22:03:51,167 [ERROR] LogOutputStream:75 - [STDERR_REDIRECT] 	at java.desktop/java.awt.EventDispatchThread.pumpEventsForHierarchy(EventDispatchThread.java:113)
2025-02-16 22:03:51,168 [ERROR] LogOutputStream:75 - [STDERR_REDIRECT] 	at java.desktop/java.awt.EventDispatchThread.pumpEvents(EventDispatchThread.java:109)
2025-02-16 22:03:51,169 [ERROR] LogOutputStream:75 - [STDERR_REDIRECT] 	at java.desktop/java.awt.EventDispatchThread.pumpEvents(EventDispatchThread.java:101)
2025-02-16 22:03:51,171 [ERROR] LogOutputStream:75 - [STDERR_REDIRECT] 	at java.desktop/java.awt.EventDispatchThread.run(EventDispatchThread.java:90)
2025-02-16 22:03:58,395 [INFO] NvicIntPanel:101 - NVIC parent = com.st.microxplorer.plugins.ip.nvic.MultiNvicIntPanel[,0,0,0x0,invalid,layout=javax.swing.BoxLayout,alignmentX=0.0,alignmentY=0.0,border=,flags=9,maximumSize=,minimumSize=,preferredSize=]
2025-02-16 22:04:09,798 [INFO] NvicIntPanel:101 - NVIC parent = com.st.microxplorer.plugins.ip.nvic.MultiNvicIntPanel[,0,0,0x0,invalid,layout=javax.swing.BoxLayout,alignmentX=0.0,alignmentY=0.0,border=,flags=9,maximumSize=,minimumSize=,preferredSize=]
2025-02-16 22:04:20,390 [INFO] NvicIntPanel:101 - NVIC parent = com.st.microxplorer.plugins.ip.nvic.MultiNvicIntPanel[,0,0,0x0,invalid,layout=javax.swing.BoxLayout,alignmentX=0.0,alignmentY=0.0,border=,flags=9,maximumSize=,minimumSize=,preferredSize=]
2025-02-16 22:04:45,724 [INFO] NvicIntPanel:101 - NVIC parent = com.st.microxplorer.plugins.ip.nvic.MultiNvicIntPanel[,0,0,0x0,invalid,layout=javax.swing.BoxLayout,alignmentX=0.0,alignmentY=0.0,border=,flags=9,maximumSize=,minimumSize=,preferredSize=]
2025-02-16 22:05:50,563 [INFO] NvicIntPanel:101 - NVIC parent = com.st.microxplorer.plugins.ip.nvic.MultiNvicIntPanel[,0,0,0x0,invalid,layout=javax.swing.BoxLayout,alignmentX=0.0,alignmentY=0.0,border=,flags=9,maximumSize=,minimumSize=,preferredSize=]
2025-02-16 22:05:56,292 [INFO] NvicIntPanel:101 - NVIC parent = com.st.microxplorer.plugins.ip.nvic.MultiNvicIntPanel[,0,0,0x0,invalid,layout=javax.swing.BoxLayout,alignmentX=0.0,alignmentY=0.0,border=,flags=9,maximumSize=,minimumSize=,preferredSize=]
2025-02-16 22:06:03,477 [INFO] NvicIntPanel:101 - NVIC parent = com.st.microxplorer.plugins.ip.nvic.MultiNvicIntPanel[,0,0,0x0,invalid,layout=javax.swing.BoxLayout,alignmentX=0.0,alignmentY=0.0,border=,flags=9,maximumSize=,minimumSize=,preferredSize=]
2025-02-16 22:06:04,847 [INFO] NvicIntPanel:101 - NVIC parent = com.st.microxplorer.plugins.ip.nvic.MultiNvicIntPanel[,0,0,0x0,invalid,layout=javax.swing.BoxLayout,alignmentX=0.0,alignmentY=0.0,border=,flags=9,maximumSize=,minimumSize=,preferredSize=]
2025-02-16 22:06:31,061 [ERROR] LogOutputStream:75 - [STDERR_REDIRECT] Exception in thread "AWT-EventQueue-0" java.awt.IllegalComponentStateException: component must be showing on the screen to determine its location
2025-02-16 22:06:31,062 [ERROR] LogOutputStream:75 - [STDERR_REDIRECT] 	at java.desktop/java.awt.Component.getLocationOnScreen_NoTreeLock(Component.java:2113)
2025-02-16 22:06:31,063 [ERROR] LogOutputStream:75 - [STDERR_REDIRECT] 	at java.desktop/java.awt.Component.getLocationOnScreen(Component.java:2087)
2025-02-16 22:06:31,063 [ERROR] LogOutputStream:75 - [STDERR_REDIRECT] 	at java.desktop/javax.swing.JPopupMenu.show(JPopupMenu.java:982)
2025-02-16 22:06:31,065 [ERROR] LogOutputStream:75 - [STDERR_REDIRECT] 	at java.desktop/javax.swing.plaf.basic.BasicComboPopup.show(BasicComboPopup.java:235)
2025-02-16 22:06:31,066 [ERROR] LogOutputStream:75 - [STDERR_REDIRECT] 	at java.desktop/javax.swing.plaf.basic.BasicComboPopup.togglePopup(BasicComboPopup.java:1265)
2025-02-16 22:06:31,067 [ERROR] LogOutputStream:75 - [STDERR_REDIRECT] 	at java.desktop/javax.swing.plaf.basic.BasicComboPopup$Handler.mousePressed(BasicComboPopup.java:936)
2025-02-16 22:06:31,068 [ERROR] LogOutputStream:75 - [STDERR_REDIRECT] 	at java.desktop/java.awt.Component.processMouseEvent(Component.java:6618)
2025-02-16 22:06:31,069 [ERROR] LogOutputStream:75 - [STDERR_REDIRECT] 	at java.desktop/javax.swing.JComponent.processMouseEvent(JComponent.java:3398)
2025-02-16 22:06:31,070 [ERROR] LogOutputStream:75 - [STDERR_REDIRECT] 	at java.desktop/java.awt.Component.processEvent(Component.java:6386)
2025-02-16 22:06:31,071 [ERROR] LogOutputStream:75 - [STDERR_REDIRECT] 	at java.desktop/java.awt.Container.processEvent(Container.java:2266)
2025-02-16 22:06:31,072 [ERROR] LogOutputStream:75 - [STDERR_REDIRECT] 	at java.desktop/java.awt.Component.dispatchEventImpl(Component.java:4996)
2025-02-16 22:06:31,073 [ERROR] LogOutputStream:75 - [STDERR_REDIRECT] 	at java.desktop/java.awt.Container.dispatchEventImpl(Container.java:2324)
2025-02-16 22:06:31,074 [ERROR] LogOutputStream:75 - [STDERR_REDIRECT] 	at java.desktop/java.awt.Component.dispatchEvent(Component.java:4828)
2025-02-16 22:06:31,075 [ERROR] LogOutputStream:75 - [STDERR_REDIRECT] 	at java.desktop/javax.swing.plaf.basic.BasicTableUI$Handler.repostEvent(BasicTableUI.java:978)
2025-02-16 22:06:31,076 [ERROR] LogOutputStream:75 - [STDERR_REDIRECT] 	at java.desktop/javax.swing.plaf.basic.BasicTableUI$Handler.adjustSelection(BasicTableUI.java:1140)
2025-02-16 22:06:31,077 [ERROR] LogOutputStream:75 - [STDERR_REDIRECT] 	at java.desktop/javax.swing.plaf.basic.BasicTableUI$Handler.mousePressed(BasicTableUI.java:1068)
2025-02-16 22:06:31,078 [ERROR] LogOutputStream:75 - [STDERR_REDIRECT] 	at java.desktop/java.awt.AWTEventMulticaster.mousePressed(AWTEventMulticaster.java:288)
2025-02-16 22:06:31,079 [ERROR] LogOutputStream:75 - [STDERR_REDIRECT] 	at java.desktop/java.awt.AWTEventMulticaster.mousePressed(AWTEventMulticaster.java:287)
2025-02-16 22:06:31,080 [ERROR] LogOutputStream:75 - [STDERR_REDIRECT] 	at java.desktop/java.awt.AWTEventMulticaster.mousePressed(AWTEventMulticaster.java:287)
2025-02-16 22:06:31,081 [ERROR] LogOutputStream:75 - [STDERR_REDIRECT] 	at java.desktop/java.awt.AWTEventMulticaster.mousePressed(AWTEventMulticaster.java:287)
2025-02-16 22:06:31,083 [ERROR] LogOutputStream:75 - [STDERR_REDIRECT] 	at java.desktop/java.awt.Component.processMouseEvent(Component.java:6618)
2025-02-16 22:06:31,084 [ERROR] LogOutputStream:75 - [STDERR_REDIRECT] 	at java.desktop/javax.swing.JComponent.processMouseEvent(JComponent.java:3398)
2025-02-16 22:06:31,085 [ERROR] LogOutputStream:75 - [STDERR_REDIRECT] 	at java.desktop/java.awt.Component.processEvent(Component.java:6386)
2025-02-16 22:06:31,086 [ERROR] LogOutputStream:75 - [STDERR_REDIRECT] 	at java.desktop/java.awt.Container.processEvent(Container.java:2266)
2025-02-16 22:06:31,087 [ERROR] LogOutputStream:75 - [STDERR_REDIRECT] 	at java.desktop/java.awt.Component.dispatchEventImpl(Component.java:4996)
2025-02-16 22:06:31,088 [ERROR] LogOutputStream:75 - [STDERR_REDIRECT] 	at java.desktop/java.awt.Container.dispatchEventImpl(Container.java:2324)
2025-02-16 22:06:31,089 [ERROR] LogOutputStream:75 - [STDERR_REDIRECT] 	at java.desktop/java.awt.Component.dispatchEvent(Component.java:4828)
2025-02-16 22:06:31,090 [ERROR] LogOutputStream:75 - [STDERR_REDIRECT] 	at java.desktop/java.awt.LightweightDispatcher.retargetMouseEvent(Container.java:4948)
2025-02-16 22:06:31,091 [ERROR] LogOutputStream:75 - [STDERR_REDIRECT] 	at java.desktop/java.awt.LightweightDispatcher.processMouseEvent(Container.java:4572)
2025-02-16 22:06:31,092 [ERROR] LogOutputStream:75 - [STDERR_REDIRECT] 	at java.desktop/java.awt.LightweightDispatcher.dispatchEvent(Container.java:4516)
2025-02-16 22:06:31,093 [ERROR] LogOutputStream:75 - [STDERR_REDIRECT] 	at java.desktop/java.awt.Container.dispatchEventImpl(Container.java:2310)
2025-02-16 22:06:31,094 [ERROR] LogOutputStream:75 - [STDERR_REDIRECT] 	at java.desktop/java.awt.Component.dispatchEvent(Component.java:4828)
2025-02-16 22:06:31,094 [ERROR] LogOutputStream:75 - [STDERR_REDIRECT] 	at java.desktop/java.awt.EventQueue.dispatchEventImpl(EventQueue.java:775)
2025-02-16 22:06:31,095 [ERROR] LogOutputStream:75 - [STDERR_REDIRECT] 	at java.desktop/java.awt.EventQueue$4.run(EventQueue.java:720)
2025-02-16 22:06:31,096 [ERROR] LogOutputStream:75 - [STDERR_REDIRECT] 	at java.desktop/java.awt.EventQueue$4.run(EventQueue.java:714)
2025-02-16 22:06:31,097 [ERROR] LogOutputStream:75 - [STDERR_REDIRECT] 	at java.base/java.security.AccessController.doPrivileged(AccessController.java:400)
2025-02-16 22:06:31,099 [ERROR] LogOutputStream:75 - [STDERR_REDIRECT] 	at java.base/java.security.ProtectionDomain$JavaSecurityAccessImpl.doIntersectionPrivilege(ProtectionDomain.java:87)
2025-02-16 22:06:31,100 [ERROR] LogOutputStream:75 - [STDERR_REDIRECT] 	at java.base/java.security.ProtectionDomain$JavaSecurityAccessImpl.doIntersectionPrivilege(ProtectionDomain.java:98)
2025-02-16 22:06:31,101 [ERROR] LogOutputStream:75 - [STDERR_REDIRECT] 	at java.desktop/java.awt.EventQueue$5.run(EventQueue.java:747)
2025-02-16 22:06:31,102 [ERROR] LogOutputStream:75 - [STDERR_REDIRECT] 	at java.desktop/java.awt.EventQueue$5.run(EventQueue.java:745)
2025-02-16 22:06:31,103 [ERROR] LogOutputStream:75 - [STDERR_REDIRECT] 	at java.base/java.security.AccessController.doPrivileged(AccessController.java:400)
2025-02-16 22:06:31,104 [ERROR] LogOutputStream:75 - [STDERR_REDIRECT] 	at java.base/java.security.ProtectionDomain$JavaSecurityAccessImpl.doIntersectionPrivilege(ProtectionDomain.java:87)
2025-02-16 22:06:31,105 [ERROR] LogOutputStream:75 - [STDERR_REDIRECT] 	at java.desktop/java.awt.EventQueue.dispatchEvent(EventQueue.java:744)
2025-02-16 22:06:31,106 [ERROR] LogOutputStream:75 - [STDERR_REDIRECT] 	at java.desktop/java.awt.EventDispatchThread.pumpOneEventForFilters(EventDispatchThread.java:203)
2025-02-16 22:06:31,108 [ERROR] LogOutputStream:75 - [STDERR_REDIRECT] 	at java.desktop/java.awt.EventDispatchThread.pumpEventsForFilter(EventDispatchThread.java:124)
2025-02-16 22:06:31,109 [ERROR] LogOutputStream:75 - [STDERR_REDIRECT] 	at java.desktop/java.awt.EventDispatchThread.pumpEventsForHierarchy(EventDispatchThread.java:113)
2025-02-16 22:06:31,110 [ERROR] LogOutputStream:75 - [STDERR_REDIRECT] 	at java.desktop/java.awt.EventDispatchThread.pumpEvents(EventDispatchThread.java:109)
2025-02-16 22:06:31,110 [ERROR] LogOutputStream:75 - [STDERR_REDIRECT] 	at java.desktop/java.awt.EventDispatchThread.pumpEvents(EventDispatchThread.java:101)
2025-02-16 22:06:31,111 [ERROR] LogOutputStream:75 - [STDERR_REDIRECT] 	at java.desktop/java.awt.EventDispatchThread.run(EventDispatchThread.java:90)
2025-02-16 22:06:37,071 [INFO] NvicIntPanel:101 - NVIC parent = com.st.microxplorer.plugins.ip.nvic.MultiNvicIntPanel[,0,0,0x0,invalid,layout=javax.swing.BoxLayout,alignmentX=0.0,alignmentY=0.0,border=,flags=9,maximumSize=,minimumSize=,preferredSize=]
2025-02-16 22:06:51,575 [INFO] UtilMem:75 - End SaveConfig() Used Memory: 632656408 Bytes (900726784)
2025-02-16 22:06:54,812 [INFO] UtilMem:75 - End SaveConfig() Used Memory: 385717048 Bytes (900726784)
2025-02-16 22:06:55,467 [INFO] BlockDiagram:2766 - set Specific Code input for plugin: NVIC
2025-02-16 22:06:55,468 [INFO] BlockDiagram:2766 - set Specific Code input for plugin: USART
2025-02-16 22:06:55,468 [INFO] BlockDiagram:2766 - set Specific Code input for plugin: TIM1_8F1
2025-02-16 22:06:55,468 [INFO] BlockDiagram:2766 - set Specific Code input for plugin: TIM1_8F1
2025-02-16 22:06:55,468 [INFO] BlockDiagram:2766 - set Specific Code input for plugin: TIM1_8F1
2025-02-16 22:06:55,468 [INFO] BlockDiagram:2766 - set Specific Code input for plugin: SYS
2025-02-16 22:06:55,468 [INFO] BlockDiagram:2766 - set Specific Code input for plugin: GPIO
2025-02-16 22:06:55,469 [INFO] BlockDiagram:2766 - set Specific Code input for plugin: RCC
2025-02-16 22:06:55,470 [INFO] CodeGenerator:896 - code generatio: config db path: C:\ST\STM32CubeIDE_1.17.0\STM32CubeIDE\plugins\com.st.stm32cube.common.mx_6.13.0.202411220809\\db\
2025-02-16 22:06:55,670 [INFO] CodeEngine:255 - oldGeneratedFile, C:\Users\PanTalir\Documents\GitHub\Programming\STM32Cube\20_PWM_Phase_Shift\MXTmpFiles\license.tmp_save
2025-02-16 22:06:55,938 [INFO] CodeEngine:279 - Generated code: C:\Users\PanTalir\Documents\GitHub\Programming\STM32Cube\20_PWM_Phase_Shift\MXTmpFiles\license.tmp
2025-02-16 22:06:55,992 [INFO] CodeEngine:255 - oldGeneratedFile, C:\Users\PanTalir\Documents\GitHub\Programming\STM32Cube\20_PWM_Phase_Shift\MXTmpFiles\gpio.tmp_save
2025-02-16 22:06:56,170 [INFO] CodeEngine:279 - Generated code: C:\Users\PanTalir\Documents\GitHub\Programming\STM32Cube\20_PWM_Phase_Shift\MXTmpFiles\gpio.tmp
2025-02-16 22:06:56,444 [INFO] CodeEngine:255 - oldGeneratedFile, C:\Users\PanTalir\Documents\GitHub\Programming\STM32Cube\20_PWM_Phase_Shift\Core\Src\stm32f1xx_it.c_save
2025-02-16 22:06:56,717 [INFO] CodeEngine:279 - Generated code: C:\Users\PanTalir\Documents\GitHub\Programming\STM32Cube\20_PWM_Phase_Shift\Core\Src\stm32f1xx_it.c
2025-02-16 22:06:56,742 [INFO] CodeEngine:255 - oldGeneratedFile, C:\Users\PanTalir\Documents\GitHub\Programming\STM32Cube\20_PWM_Phase_Shift\Core\Inc\stm32f1xx_it.h_save
2025-02-16 22:06:56,844 [INFO] CodeEngine:279 - Generated code: C:\Users\PanTalir\Documents\GitHub\Programming\STM32Cube\20_PWM_Phase_Shift\Core\Inc\stm32f1xx_it.h
2025-02-16 22:06:56,883 [INFO] CodeEngine:255 - oldGeneratedFile, C:\Users\PanTalir\Documents\GitHub\Programming\STM32Cube\20_PWM_Phase_Shift\Core\Src\stm32f1xx_hal_msp.c_save
2025-02-16 22:06:57,097 [INFO] CodeEngine:279 - Generated code: C:\Users\PanTalir\Documents\GitHub\Programming\STM32Cube\20_PWM_Phase_Shift\Core\Src\stm32f1xx_hal_msp.c
2025-02-16 22:06:57,112 [INFO] CodeEngine:255 - oldGeneratedFile, C:\Users\PanTalir\Documents\GitHub\Programming\STM32Cube\20_PWM_Phase_Shift\MXTmpFiles\system.tmp_save
2025-02-16 22:06:57,195 [INFO] CodeEngine:279 - Generated code: C:\Users\PanTalir\Documents\GitHub\Programming\STM32Cube\20_PWM_Phase_Shift\MXTmpFiles\system.tmp
2025-02-16 22:06:57,230 [INFO] CodeEngine:311 - oldGeneratedFile, C:\Users\PanTalir\Documents\GitHub\Programming\STM32Cube\20_PWM_Phase_Shift\Core\Inc\stm32f1xx_hal_conf.h_save
2025-02-16 22:06:57,362 [INFO] CodeEngine:335 - Generated code: C:\Users\PanTalir\Documents\GitHub\Programming\STM32Cube\20_PWM_Phase_Shift\Core\Inc\stm32f1xx_hal_conf.h
2025-02-16 22:06:57,415 [INFO] ApiDbMcu:508 - Load IP Config File for TIM1
2025-02-16 22:06:57,428 [INFO] ApiDbMcu:508 - Load IP Config File for TIM2
2025-02-16 22:06:57,442 [INFO] ApiDbMcu:508 - Load IP Config File for TIM3
2025-02-16 22:06:57,443 [WARN] IPConfigManager:3618 - IP not found : TIM
2025-02-16 22:06:57,444 [WARN] CodeGenerator:4152 - IP not found : null
2025-02-16 22:06:57,488 [INFO] CodeEngine:255 - oldGeneratedFile, C:\Users\PanTalir\Documents\GitHub\Programming\STM32Cube\20_PWM_Phase_Shift\Core\Inc\main.h_save
2025-02-16 22:06:57,634 [INFO] CodeEngine:279 - Generated code: C:\Users\PanTalir\Documents\GitHub\Programming\STM32Cube\20_PWM_Phase_Shift\Core\Inc\main.h
2025-02-16 22:06:57,667 [INFO] CodeEngine:255 - oldGeneratedFile, C:\Users\PanTalir\Documents\GitHub\Programming\STM32Cube\20_PWM_Phase_Shift\Core\Src\main.c_save
2025-02-16 22:06:57,839 [INFO] CodeEngine:279 - Generated code: C:\Users\PanTalir\Documents\GitHub\Programming\STM32Cube\20_PWM_Phase_Shift\Core\Src\main.c
2025-02-16 22:06:58,242 [INFO] ProjectBuilder:3289 - Time for Copy HAL[1] : 197mS.
2025-02-16 22:06:58,247 [INFO] ProjectBuilder:4876 - Project Generator version: 4.5.0-RC5
2025-02-16 22:06:58,347 [INFO] ConfigFileManager:1579 - The Die is : DIE410
2025-02-16 22:07:00,269 [INFO] ProjectBuilder:5154 - Time for Generating toolchain IDE Files: 2021mS.
2025-02-16 22:07:00,269 [INFO] ProjectBuilder:3146 - Time for Copy CMSIS : 0mS.
2025-02-16 22:07:00,272 [INFO] ProjectBuilder:3146 - Time for Copy CMSIS : 0mS.
2025-02-16 22:54:31,679 [INFO] MainUpdater:2872 - connection check result : 10
2025-02-16 22:54:31,796 [INFO] McuFinderGlobals:76 - Set McuFinderConnectedMode to true
2025-02-16 22:54:31,800 [INFO] MultiScanPanel:200 - Auto-refresh data requested => check proxy status ongoing
2025-02-16 22:54:31,803 [INFO] FinderPluginLoader:95 - Searching for filters in installed packs
2025-02-16 22:54:34,268 [INFO] LoadUrlFilesThread:185 - End of LoadServerUrlFiles without Thread
2025-02-16 22:54:34,273 [INFO] DetailPanel:341 - Set advertising image to C:/Users/PanTalir/STM32Cube/Repository/\en.prom-stm32n6-mcu-finder.png
2025-02-16 22:54:38,735 [INFO] MultiScanPanel:200 - Auto-refresh data requested => check proxy status ongoing
2025-02-16 22:54:38,831 [INFO] LoadUrlFilesThread:185 - End of LoadServerUrlFiles without Thread
2025-02-16 22:54:38,831 [INFO] DetailPanel:341 - Set advertising image to C:/Users/PanTalir/STM32Cube/Repository/\en.prom-stm32n6-mcu-finder.png
2025-02-16 22:55:26,789 [INFO] MainUpdater:2872 - connection check result : 10
2025-02-16 22:55:26,790 [INFO] MainUpdater:2872 - connection check result : 10
2025-02-16 22:55:26,925 [INFO] MicroXplorer:468 - Change Database Path : 
2025-02-16 22:55:26,925 [INFO] MicroXplorer:498 - Change Database Version : DB.6.0.130
2025-02-16 22:55:26,961 [ERROR] ProjectManagerView:394 - 
java.lang.NullPointerException: Cannot invoke "javax.swing.JTextField.getText()" because the return value of "java.util.List.get(int)" is null
	at com.st.microxplorer.plugins.projectmanager.gui.ProjectChoiceTab$9.caretUpdate(ProjectChoiceTab.java:2616) ~[filemanager.jar:?]
	at javax.swing.text.JTextComponent.fireCaretUpdate(JTextComponent.java:408) ~[?:?]
	at javax.swing.text.JTextComponent$MutableCaretEvent.fire(JTextComponent.java:4484) ~[?:?]
	at javax.swing.text.JTextComponent$MutableCaretEvent.stateChanged(JTextComponent.java:4506) ~[?:?]
	at javax.swing.text.DefaultCaret.fireStateChanged(DefaultCaret.java:857) ~[?:?]
	at javax.swing.text.DefaultCaret.changeCaretPosition(DefaultCaret.java:1343) ~[?:?]
	at javax.swing.text.DefaultCaret.handleSetDot(DefaultCaret.java:1242) ~[?:?]
	at javax.swing.text.DefaultCaret.setDot(DefaultCaret.java:1223) ~[?:?]
	at javax.swing.text.DefaultCaret$Handler.insertUpdate(DefaultCaret.java:1819) ~[?:?]
	at javax.swing.text.AbstractDocument.fireInsertUpdate(AbstractDocument.java:227) ~[?:?]
	at javax.swing.text.AbstractDocument.handleInsertString(AbstractDocument.java:781) ~[?:?]
	at javax.swing.text.AbstractDocument.insertString(AbstractDocument.java:740) ~[?:?]
	at javax.swing.text.PlainDocument.insertString(PlainDocument.java:131) ~[?:?]
	at javax.swing.text.AbstractDocument.replace(AbstractDocument.java:699) ~[?:?]
	at javax.swing.text.JTextComponent.setText(JTextComponent.java:1725) ~[?:?]
	at com.st.microxplorer.plugins.projectmanager.gui.ProjectChoiceTab.createHeapStackFields(ProjectChoiceTab.java:975) ~[filemanager.jar:?]
	at com.st.microxplorer.plugins.projectmanager.gui.ProjectChoiceTab.buildLinkSettingsPanel(ProjectChoiceTab.java:3666) ~[filemanager.jar:?]
	at com.st.microxplorer.plugins.projectmanager.gui.ProjectChoiceTab.defineWindowsFields(ProjectChoiceTab.java:1934) ~[filemanager.jar:?]
	at com.st.microxplorer.plugins.projectmanager.gui.ProjectChoiceTab.updateSettings(ProjectChoiceTab.java:553) ~[filemanager.jar:?]
	at com.st.microxplorer.plugins.projectmanager.gui.ProjectSettingsPanel.UpdateDialog(ProjectSettingsPanel.java:245) ~[filemanager.jar:?]
	at com.st.microxplorer.plugins.projectmanager.ProjectManagerView.propertyChange(ProjectManagerView.java:391) ~[filemanager.jar:?]
	at java.beans.PropertyChangeSupport.fire(PropertyChangeSupport.java:343) ~[?:?]
	at java.beans.PropertyChangeSupport.firePropertyChange(PropertyChangeSupport.java:335) ~[?:?]
	at java.beans.PropertyChangeSupport.firePropertyChange(PropertyChangeSupport.java:268) ~[?:?]
	at com.st.microxplorer.util.MXPropertyChangeSupport.firePropertyChange(MXPropertyChangeSupport.java:54) ~[STM32CubeMX.jar:?]
	at com.st.microxplorer.mxsystem.MxSystem.closeConfig(MxSystem.java:899) ~[STM32CubeMX.jar:?]
	at com.st.microxplorer.maingui.MainPanel.closeConfig(MainPanel.java:789) ~[STM32CubeMX.jar:?]
	at com.st.microxplorer.plugins.filemanager.engine.OpenFileManager.loadConfigurationFile(OpenFileManager.java:265) ~[filemanager.jar:?]
	at com.st.microxplorer.plugins.filemanager.engine.MainFileManager.userLoadConfig(MainFileManager.java:340) ~[filemanager.jar:?]
	at com.st.microxplorer.plugins.filemanager.FileManagerView.getSpecificTask(FileManagerView.java:250) ~[filemanager.jar:?]
	at com.st.stm32cube.common.mx.editor.CubeMxEditor.getMxTabbedPaneInstance(CubeMxEditor.java:1191) ~[com.st.stm32cube.common.mx_6.13.0.202411220809/:?]
	at com.st.stm32cube.common.mx.editor.CubeMxEditor$12$1.createSwingComponent(CubeMxEditor.java:1068) ~[com.st.stm32cube.common.mx_6.13.0.202411220809/:?]
	at com.st.stm32cube.common.mx.oss.core.awtswtbridge.EmbeddedSwingComposite.doComponentCreation(EmbeddedSwingComposite.java:492) ~[com.st.stm32cube.common.mx.oss_6.13.0.202411220809/:?]
	at com.st.stm32cube.common.mx.oss.core.awtswtbridge.EmbeddedSwingComposite$4.run(EmbeddedSwingComposite.java:291) ~[com.st.stm32cube.common.mx.oss_6.13.0.202411220809/:?]
	at com.st.stm32cube.common.mx.oss.core.awtswtbridge.AwtEnvironment$2.run(AwtEnvironment.java:166) ~[com.st.stm32cube.common.mx.oss_6.13.0.202411220809/:?]
	at java.awt.event.InvocationEvent.dispatch(InvocationEvent.java:318) ~[?:?]
	at java.awt.EventQueue.dispatchEventImpl(EventQueue.java:773) ~[?:?]
	at java.awt.EventQueue$4.run(EventQueue.java:720) ~[?:?]
	at java.awt.EventQueue$4.run(EventQueue.java:714) ~[?:?]
	at java.security.AccessController.doPrivileged(AccessController.java:400) ~[?:?]
	at java.security.ProtectionDomain$JavaSecurityAccessImpl.doIntersectionPrivilege(ProtectionDomain.java:87) ~[?:?]
	at java.awt.EventQueue.dispatchEvent(EventQueue.java:742) ~[?:?]
	at java.awt.EventDispatchThread.pumpOneEventForFilters(EventDispatchThread.java:203) ~[?:?]
	at java.awt.EventDispatchThread.pumpEventsForFilter(EventDispatchThread.java:124) ~[?:?]
	at java.awt.EventDispatchThread.pumpEventsForHierarchy(EventDispatchThread.java:113) ~[?:?]
	at java.awt.EventDispatchThread.pumpEvents(EventDispatchThread.java:109) ~[?:?]
	at java.awt.EventDispatchThread.pumpEvents(EventDispatchThread.java:101) ~[?:?]
	at java.awt.EventDispatchThread.run(EventDispatchThread.java:90) ~[?:?]
2025-02-16 22:55:26,963 [WARN] ThirdParty:871 - waiting for thirdparty lock release [close project]
2025-02-16 22:55:26,963 [INFO] ThirdParty:873 - entering critical section [close project]
2025-02-16 22:55:26,963 [INFO] ThirdParty:883 - exiting critical section [close project]
2025-02-16 22:55:26,967 [INFO] PinOutPanel:1589 - setPackage(No Configuration,No Configuration)
2025-02-16 22:55:26,971 [INFO] UtilMem:75 - Begin LoadConfig() Used Memory: 933080112 Bytes (1073741824)
2025-02-16 22:55:26,972 [INFO] OpenFileManager:332 - Change cursor
2025-02-16 22:55:27,013 [INFO] RulesReader:64 - Compatibility file has been processed (297 Rules)
2025-02-16 22:55:27,027 [INFO] ProjectFactory:442 - No CPN specified for board NUCLEO-F103RB => set CPN to STM32F103RBT6
2025-02-16 22:55:27,027 [INFO] Mcu:2035 - Initializing MCU STM32F103R(8-B)Tx STM32F103RBTx STM32F103RBT6
2025-02-16 22:55:29,353 [INFO] Context:748 - Trying to add GPIOservice into a context  which must be forbidden
2025-02-16 22:55:29,549 [INFO] Rule:228 - rule 117617 - U5Cobra4M][GTZC] default value MPCBB3 and MPCBB5 - Not Secured memory - MPCBB1 is applicable
2025-02-16 22:55:29,550 [INFO] Rule:228 - rule 117617 - U5Cobra4M][GTZC] default value MPCBB3 and MPCBB5 - Not Secured memory - MPCBB1 is applicable
2025-02-16 22:55:29,550 [INFO] Rule:228 - rule 117617 - U5Cobra4M][GTZC] default value MPCBB3 and MPCBB5 - Not Secured memory - MPCBB2 is applicable
2025-02-16 22:55:29,550 [INFO] Rule:228 - rule 117617 - U5Cobra4M][GTZC] default value MPCBB3 and MPCBB5 - Not Secured memory - MPCBB2 is applicable
2025-02-16 22:55:29,550 [INFO] Rule:228 - rule 117617 - U5Cobra4M][GTZC] default value MPCBB3 and MPCBB5 - Not Secured memory - MPCBB3 is applicable
2025-02-16 22:55:29,550 [INFO] Rule:228 - rule 117617 - U5Cobra4M][GTZC] default value MPCBB3 and MPCBB5 - Not Secured memory - MPCBB3 is applicable
2025-02-16 22:55:29,550 [INFO] Rule:228 - rule 117617 - U5Cobra4M][GTZC] default value MPCBB3 and MPCBB5 - Not Secured memory - MPCBB4 is applicable
2025-02-16 22:55:29,550 [INFO] Rule:228 - rule 117617 - U5Cobra4M][GTZC] default value MPCBB3 and MPCBB5 - Not Secured memory - MPCBB4 is applicable
2025-02-16 22:55:29,550 [INFO] Rule:228 - rule 117617 - U5Cobra4M][GTZC] default value MPCBB3 and MPCBB5 - Secured memory - MPCBB1 is applicable
2025-02-16 22:55:29,550 [INFO] Rule:228 - rule 117617 - U5Cobra4M][GTZC] default value MPCBB3 and MPCBB5 - Secured memory - MPCBB2 is applicable
2025-02-16 22:55:29,550 [INFO] Rule:228 - rule 117617 - U5Cobra4M][GTZC] default value MPCBB3 and MPCBB5 - Secured memory - MPCBB3 is applicable
2025-02-16 22:55:29,551 [INFO] Rule:228 - rule 117617 - U5Cobra4M][GTZC] default value MPCBB3 and MPCBB5 - Secured memory - MPCBB4 is applicable
2025-02-16 22:55:29,551 [INFO] Rule:228 - rule 117617 - U5Cobra4M][GTZC] default value MPCBB3 and MPCBB5 - Privileged memory - MPCBB1 is applicable
2025-02-16 22:55:29,551 [INFO] Rule:228 - rule 117617 - U5Cobra4M][GTZC] default value MPCBB3 and MPCBB5 - Privileged memory - MPCBB2 is applicable
2025-02-16 22:55:29,551 [INFO] Rule:228 - rule 117617 - U5Cobra4M][GTZC] default value MPCBB3 and MPCBB5 - Privileged memory - MPCBB3 is applicable
2025-02-16 22:55:29,551 [INFO] Rule:228 - rule 117617 - U5Cobra4M][GTZC] default value MPCBB3 and MPCBB5 - Privileged memory - MPCBB4 is applicable
2025-02-16 22:55:29,551 [INFO] Rule:228 - rule 117617 - U5Cobra4M][GTZC] default value MPCBB3 and MPCBB5 - Not Privileged memory - MPCBB1 is applicable
2025-02-16 22:55:29,551 [INFO] Rule:228 - rule 117617 - U5Cobra4M][GTZC] default value MPCBB3 and MPCBB5 - Not Privileged memory - MPCBB2 is applicable
2025-02-16 22:55:29,551 [INFO] Rule:228 - rule 117617 - U5Cobra4M][GTZC] default value MPCBB3 and MPCBB5 - Not Privileged memory - MPCBB3 is applicable
2025-02-16 22:55:29,551 [INFO] Rule:228 - rule 117617 - U5Cobra4M][GTZC] default value MPCBB3 and MPCBB5 - Not Privileged memory - MPCBB4 is applicable
2025-02-16 22:55:29,551 [INFO] Rule:228 - rule 117617 - U5Cobra4M][GTZC] default value MPCBB3 and MPCBB5 - Privileged memory - MPCBB1 is applicable
2025-02-16 22:55:29,551 [INFO] Rule:228 - rule 117617 - U5Cobra4M][GTZC] default value MPCBB3 and MPCBB5 - Privileged memory - MPCBB2 is applicable
2025-02-16 22:55:29,551 [INFO] Rule:228 - rule 117617 - U5Cobra4M][GTZC] default value MPCBB3 and MPCBB5 - Privileged memory - MPCBB3 is applicable
2025-02-16 22:55:29,551 [INFO] Rule:228 - rule 117617 - U5Cobra4M][GTZC] default value MPCBB3 and MPCBB5 - Privileged memory - MPCBB4 is applicable
2025-02-16 22:55:29,551 [INFO] Rule:228 - rule 117617 - U5Cobra4M][GTZC] default value MPCBB3 and MPCBB5 - Privileged memory - MPCBB1 is applicable
2025-02-16 22:55:29,552 [INFO] Rule:228 - rule 117617 - U5Cobra4M][GTZC] default value MPCBB3 and MPCBB5 - Privileged memory - MPCBB2 is applicable
2025-02-16 22:55:29,552 [INFO] Rule:228 - rule 117617 - U5Cobra4M][GTZC] default value MPCBB3 and MPCBB5 - Privileged memory - MPCBB3 is applicable
2025-02-16 22:55:29,552 [INFO] Rule:228 - rule 117617 - U5Cobra4M][GTZC] default value MPCBB3 and MPCBB5 - Privileged memory - MPCBB4 is applicable
2025-02-16 22:55:29,552 [INFO] Rule:228 - rule 117617 - U5Cobra4M][GTZC] default value MPCBB3 and MPCBB5 - Not Privileged memory - MPCBB1 is applicable
2025-02-16 22:55:29,552 [INFO] Rule:228 - rule 117617 - U5Cobra4M][GTZC] default value MPCBB3 and MPCBB5 - Not Privileged memory - MPCBB2 is applicable
2025-02-16 22:55:29,552 [INFO] Rule:228 - rule 117617 - U5Cobra4M][GTZC] default value MPCBB3 and MPCBB5 - Not Privileged memory - MPCBB3 is applicable
2025-02-16 22:55:29,552 [INFO] Rule:228 - rule 117617 - U5Cobra4M][GTZC] default value MPCBB3 and MPCBB5 - Not Privileged memory - MPCBB4 is applicable
2025-02-16 22:55:29,552 [INFO] Rule:228 - rule 117617 - U5Cobra4M][GTZC] default value MPCBB3 and MPCBB5 - Privileged memory - MPCBB1 is applicable
2025-02-16 22:55:29,552 [INFO] Rule:228 - rule 117617 - U5Cobra4M][GTZC] default value MPCBB3 and MPCBB5 - Privileged memory - MPCBB2 is applicable
2025-02-16 22:55:29,552 [INFO] Rule:228 - rule 117617 - U5Cobra4M][GTZC] default value MPCBB3 and MPCBB5 - Privileged memory - MPCBB3 is applicable
2025-02-16 22:55:29,552 [INFO] Rule:228 - rule 117617 - U5Cobra4M][GTZC] default value MPCBB3 and MPCBB5 - Privileged memory - MPCBB4 is applicable
2025-02-16 22:55:29,553 [INFO] Rule:228 - rule Rename SubGHz_Phy SUBGHZ_APPLICATION SUBGHZ_PINGPONG to SUBGHZ_ADV_APPLICATION is applicable
2025-02-16 22:55:29,553 [INFO] Rule:228 - rule Rename Enabled to IBEACON is applicable
2025-02-16 22:55:29,553 [INFO] Rule:228 - rule GTZC_S instance for project manager is applicable
2025-02-16 22:55:29,553 [INFO] Rule:228 - rule GTZC_S instance for context M33S is applicable
2025-02-16 22:55:29,553 [INFO] Rule:228 - rule GTZC_S instance value for IP GTZC is applicable
2025-02-16 22:55:29,553 [INFO] Rule:228 - rule GTZC_S instance for mcu.IP is applicable
2025-02-16 22:55:29,553 [INFO] Rule:228 - rule GTZC_S instance for VP is applicable
2025-02-16 22:55:29,553 [INFO] Rule:228 - rule GTZC_S instance for signal is applicable
2025-02-16 22:55:29,553 [INFO] Rule:228 - rule GTZC_S instance for mcu.Pin is applicable
2025-02-16 22:55:29,553 [INFO] Rule:228 - rule GTZC_S instance for VP is applicable
2025-02-16 22:55:29,554 [INFO] Rule:228 - rule GTZC_S instance for signal is applicable
2025-02-16 22:55:29,554 [INFO] Rule:228 - rule GTZC_S instance for mcu is applicable
2025-02-16 22:55:29,554 [INFO] Rule:228 - rule GTZC_S instance for mcu.Pin is applicable
2025-02-16 22:55:29,554 [INFO] Rule:228 - rule GTZC_S instance value for IP GTZC is applicable
2025-02-16 22:55:29,554 [INFO] Rule:228 - rule GTZC_S instance for project manager is applicable
2025-02-16 22:55:29,554 [INFO] Rule:228 - rule GTZC_S instance for context M33S is applicable
2025-02-16 22:55:29,555 [INFO] Rule:228 - rule GTZC_S instance for VP is applicable
2025-02-16 22:55:29,555 [INFO] Rule:228 - rule GTZC_S instance for signal is applicable
2025-02-16 22:55:29,555 [INFO] Rule:228 - rule SPDIFRX instance for mcu is applicable
2025-02-16 22:55:29,555 [INFO] Rule:228 - rule Rename Tracer Mode is applicable
2025-02-16 22:55:29,555 [INFO] Rule:228 - rule SPDIFRX instance value for IP SPDIFRX is applicable
2025-02-16 22:55:29,555 [INFO] Rule:228 - rule SPDIFRX instance for signal is applicable
2025-02-16 22:55:29,555 [INFO] Rule:228 - rule SPDIFRX instance for project manager is applicable
2025-02-16 22:55:29,555 [INFO] Rule:228 - rule SPDIFRX instance for project manager is applicable
2025-02-16 22:55:29,555 [INFO] Rule:228 - rule ADC Scan  fix with FW F7 is applicable
2025-02-16 22:55:29,556 [INFO] Rule:228 - rule ADC Scan  fix with FW F7 is applicable
2025-02-16 22:55:29,556 [INFO] Rule:228 - rule WakeUp0 Mode is applicable
2025-02-16 22:55:29,557 [INFO] Rule:228 - rule WakeUp0 SIGNAL is applicable
2025-02-16 22:55:29,557 [INFO] Rule:228 - rule WakeUp1 Mode is applicable
2025-02-16 22:55:29,557 [INFO] Rule:228 - rule WakeUp1 SIGNAL is applicable
2025-02-16 22:55:29,557 [INFO] Rule:228 - rule WakeUp2 Mode is applicable
2025-02-16 22:55:29,557 [INFO] Rule:228 - rule WakeUp2 SIGNAL is applicable
2025-02-16 22:55:29,557 [INFO] Rule:228 - rule WakeUp4 Mode is applicable
2025-02-16 22:55:29,557 [INFO] Rule:228 - rule WakeUp4 SIGNAL is applicable
2025-02-16 22:55:29,557 [INFO] Rule:228 - rule WakeUp5 Mode is applicable
2025-02-16 22:55:29,558 [INFO] Rule:228 - rule WakeUp5 SIGNAL is applicable
2025-02-16 22:55:29,558 [INFO] Rule:228 - rule UART/USART WORD LENGTH 7 is applicable
2025-02-16 22:55:29,558 [INFO] Rule:228 - rule UART/USART WORD LENGTH 8 is applicable
2025-02-16 22:55:29,558 [INFO] Rule:228 - rule UART/USART WORD LENGTH 9 is applicable
2025-02-16 22:55:29,558 [INFO] Rule:228 - rule Change Default Value for LSE Drive Capability for WB family is applicable
2025-02-16 22:55:29,558 [INFO] Rule:228 - rule Change Default Value for ADC Clock Prescaler G0 family is applicable
2025-02-16 22:55:29,558 [INFO] Rule:228 - rule ADC SamplingTime fix with FW L0  is applicable
2025-02-16 22:55:29,558 [INFO] Rule:228 - rule ADC SamplingTime fix with FW L0  is applicable
2025-02-16 22:55:29,558 [INFO] Rule:228 - rule ADC SamplingTime fix with FW L0 is applicable
2025-02-16 22:55:29,558 [INFO] Rule:228 - rule ADC SamplingTime fix with FW L0 is applicable
2025-02-16 22:55:29,558 [INFO] Rule:228 - rule ADC SamplingTime fix with FW L0  is applicable
2025-02-16 22:55:29,558 [INFO] Rule:228 - rule ADC SamplingTime fix with FW L0 is applicable
2025-02-16 22:55:29,558 [INFO] Rule:228 - rule Rename USB_OE Signal is applicable
2025-02-16 22:55:29,558 [INFO] Rule:228 - rule Rename Activate_OE Mode is applicable
2025-02-16 22:55:29,558 [INFO] Rule:228 - rule Rename DIE462/DIE415 pin PC14/OSC32_IN -> PC14-OSC32_IN (PC14) is applicable
2025-02-16 22:55:29,559 [INFO] Rule:228 - rule Rename DIE462/DIE415 pin PC15/OSC32_OUT -> PC15-OSC32_OUT (PC15) is applicable
2025-02-16 22:55:29,559 [INFO] Rule:228 - rule Rename DIE462/DIE415 pin PH0/OSC_IN -> PH0-OSC_IN (PH0) is applicable
2025-02-16 22:55:29,559 [INFO] Rule:228 - rule Rename DIE462/DIE415 pin PH1/OSC_OUT -> PH1-OSC_OUT (PH1) is applicable
2025-02-16 22:55:29,559 [INFO] Rule:228 - rule Rename DIE462 pin PA13 -> PA13 (JTMS/SWDIO) is applicable
2025-02-16 22:55:29,559 [INFO] Rule:228 - rule Rename DIE415 pin PA13 -> PA13 (JTMS/SWDIO) is applicable
2025-02-16 22:55:29,559 [INFO] Rule:228 - rule Rename DIE462 pin PA14 -> PA14 (JTCK/SWCLK) is applicable
2025-02-16 22:55:29,559 [INFO] Rule:228 - rule Rename DIE415 pin PA14 -> PA14 (JTCK/SWCLK) is applicable
2025-02-16 22:55:29,559 [INFO] Rule:228 - rule Rename DIE462/DIE415 pin PA15 -> PA15 (JTDI) is applicable
2025-02-16 22:55:29,559 [INFO] Rule:228 - rule Rename DIE462 pin PB3 -> PB3 (JTD0/TRACESWO) is applicable
2025-02-16 22:55:29,559 [INFO] Rule:228 - rule Rename DIE415 pin PB3 -> PB3 (JTD0-TRACESWO) is applicable
2025-02-16 22:55:29,559 [INFO] Rule:228 - rule Rename DIE462/DIE415 pin PB4 -> PB4 (NJTRST) is applicable
2025-02-16 22:55:29,559 [INFO] Rule:228 - rule Rename DIE462 pin PH3/BOOT0 -> PH3-BOOT0 (BOOT0) is applicable
2025-02-16 22:55:29,559 [INFO] Rule:228 - rule Rename CRYP DataEncryptionTypesList to Algorithm is applicable
2025-02-16 22:55:29,559 [INFO] Rule:228 - rule Rename AES DataEncryptionTypesList to Algorithm is applicable
2025-02-16 22:55:29,559 [INFO] Rule:228 - rule Rename TDESECB to CRYP_TDES_ECB is applicable
2025-02-16 22:55:29,559 [INFO] Rule:228 - rule Rename TDESCBC to CRYP_TDES_CBC is applicable
2025-02-16 22:55:29,559 [INFO] Rule:228 - rule Rename DESECB to CRYP_DES_ECB is applicable
2025-02-16 22:55:29,560 [INFO] Rule:228 - rule Rename DESCBC to CRYP_DES_CBC is applicable
2025-02-16 22:55:29,560 [INFO] Rule:228 - rule Rename AESECB to CRYP_AES_ECB is applicable
2025-02-16 22:55:29,560 [INFO] Rule:228 - rule Rename AESCBC to CRYP_AES_CBC is applicable
2025-02-16 22:55:29,560 [INFO] Rule:228 - rule Rename AESCTR to CRYP_AES_CTR is applicable
2025-02-16 22:55:29,560 [INFO] Rule:228 - rule Rename AESGCM to CRYP_AES_GCM is applicable
2025-02-16 22:55:29,560 [INFO] Rule:228 - rule Rename AESCCM to CRYP_AES_CCM is applicable
2025-02-16 22:55:29,560 [INFO] Rule:228 - rule Rename CAN TimeSeg1 to BS1 is applicable
2025-02-16 22:55:29,560 [INFO] Rule:228 - rule Rename CAN TimeSeg2 to BS2 is applicable
2025-02-16 22:55:29,560 [INFO] Rule:228 - rule Rename CAN SyncJumpWidth to SJW is applicable
2025-02-16 22:55:29,560 [INFO] Rule:228 - rule TimeTriggeredMode to TTCM is applicable
2025-02-16 22:55:29,560 [INFO] Rule:228 - rule Rename CAN AutoBusOff to ABOM is applicable
2025-02-16 22:55:29,560 [INFO] Rule:228 - rule Rename CAN AutoWakeUp to AWUM is applicable
2025-02-16 22:55:29,560 [INFO] Rule:228 - rule Rename CAN AutoRetransmission to NART is applicable
2025-02-16 22:55:29,560 [INFO] Rule:228 - rule Rename CAN ReceiveFifoLocked to RFLM is applicable
2025-02-16 22:55:29,560 [INFO] Rule:228 - rule Rename CAN TransmitFifoPriority to TXFP is applicable
2025-02-16 22:55:29,560 [INFO] Rule:228 - rule Rename HRTIMER HRTIM_OUTPUTFAULTLEVEL_HIGH in HRTIMER HRTIM_OUTPUTFAULTLEVEL_HIGHZ is applicable
2025-02-16 22:55:29,560 [INFO] Rule:228 - rule Rename TIMER TIM_CLEARINPUTSOURCE_OCREFCLR in  TIMER TIM_CLEARINPUTSOURCE_NONE for F7 family is applicable
2025-02-16 22:55:29,561 [INFO] Rule:228 - rule FDCAN_R1 - Rename FDCAN mode Master into Classic is applicable
2025-02-16 22:55:29,561 [INFO] Rule:228 - rule FDCAN_R2 - Rename FDCAN mode Slave into Classic is applicable
2025-02-16 22:55:29,561 [INFO] Rule:228 - rule FDCAN1_R3 - if PA10.Mode=FullDuplex, add Pin PA12 is applicable
2025-02-16 22:55:29,561 [INFO] Rule:228 - rule FDCAN1_R3 - if PA9.Mode=FullDuplex, add Pin PA11 is applicable
2025-02-16 22:55:29,561 [INFO] Rule:228 - rule FDCAN1_R3 - Alternatepin_1 - if PE1.Mode=FullDuplex, add Pin PB9 is applicable
2025-02-16 22:55:29,561 [INFO] Rule:228 - rule FDCAN1_R3 - Alternatepin_1 - if PE0.Mode=FullDuplex, add Pin PB8 is applicable
2025-02-16 22:55:29,561 [INFO] Rule:228 - rule FDCAN1_R3 - Alternatepin_2 - if PD5.Mode=FullDuplex, add Pin PD1 is applicable
2025-02-16 22:55:29,561 [INFO] Rule:228 - rule FDCAN1_R3 - Alternatepin_2 - if PD4.Mode=FullDuplex, add Pin PD0 is applicable
2025-02-16 22:55:29,561 [INFO] Rule:228 - rule FDCAN1_R4 - Rename Mode FullDuplex into Enable FDCAN_TXFD for pin PA10 is applicable
2025-02-16 22:55:29,561 [INFO] Rule:228 - rule FDCAN1_R4 - Rename Mode FullDuplex into Enable FDCAN_TXFD for pin PA9 is applicable
2025-02-16 22:55:29,561 [INFO] Rule:228 - rule FDCAN1_R4 - Alternatepin_1 - Rename Mode FullDuplex into Enable FDCAN_TXFD for pin PE1 is applicable
2025-02-16 22:55:29,561 [INFO] Rule:228 - rule FDCAN1_R4 - Alternatepin_1 - Rename Mode FullDuplex into Enable FDCAN_TXFD for pin PE0 is applicable
2025-02-16 22:55:29,561 [INFO] Rule:228 - rule FDCAN1_R4 - Alternatepin_2 - Rename Mode FullDuplex into Enable FDCAN_TXFD for pin PD5 is applicable
2025-02-16 22:55:29,561 [INFO] Rule:228 - rule FDCAN1_R4 - Alternatepin_2 - Rename Mode FullDuplex into Enable FDCAN_TXFD for pin PD4 is applicable
2025-02-16 22:55:29,561 [INFO] Rule:228 - rule FDCAN2_R3 - if PD10.Mode=FullDuplex, add Pin PB13 is applicable
2025-02-16 22:55:29,561 [INFO] Rule:228 - rule FDCAN2_R3 - if PD9.Mode=FullDuplex, add Pin PB12 is applicable
2025-02-16 22:55:29,562 [INFO] Rule:228 - rule FDCAN2_R3 - Alternatepin_1 - if PB7.Mode=FullDuplex, add Pin PB6 is applicable
2025-02-16 22:55:29,562 [INFO] Rule:228 - rule FDCAN2_R3 - Alternatepin_1 - if PD9.Mode=FullDuplex, add Pin PB12 is applicable
2025-02-16 22:55:29,562 [INFO] Rule:228 - rule FDCAN2_R4 - Rename Mode FullDuplex into Enable FDCAN_TXFD for pin PD10 is applicable
2025-02-16 22:55:29,562 [INFO] Rule:228 - rule FDCAN2_R4 - Rename Mode FullDuplex into Enable FDCAN_TXFD for pin PD9 is applicable
2025-02-16 22:55:29,562 [INFO] Rule:228 - rule FDCAN2_R4 - Alternatepin_1 - Rename Mode FullDuplex into Enable FDCAN_TXFD for pin PB7 is applicable
2025-02-16 22:55:29,562 [INFO] Rule:228 - rule FDCAN2_R4 - Alternatepin_1 - Rename Mode FullDuplex into Enable FDCAN_TXFD for pin PD6 is applicable
2025-02-16 22:55:29,562 [INFO] Rule:228 - rule USART TxPinLevelInvertParam Mode is applicable
2025-02-16 22:55:29,562 [INFO] Rule:228 - rule USART RxPinLevelInvertParam Mode is applicable
2025-02-16 22:55:29,562 [INFO] Rule:228 - rule USART DataInvertParam Mode is applicable
2025-02-16 22:55:29,562 [INFO] Rule:228 - rule USART SwapParam Mode is applicable
2025-02-16 22:55:29,562 [INFO] Rule:228 - rule USART OverrunDisableParam Mode is applicable
2025-02-16 22:55:29,562 [INFO] Rule:228 - rule USART DMADisableonRxErrorParam Mode is applicable
2025-02-16 22:55:29,562 [INFO] Rule:228 - rule USART MSBFirstParam Mode is applicable
2025-02-16 22:55:29,562 [INFO] Rule:228 - rule Update MwName for USB_DEVICE is applicable
2025-02-16 22:55:29,562 [INFO] Rule:228 - rule Change PWR_Regulator_Voltage_Scale Default Value for RCC  H7 family is applicable
2025-02-16 22:55:29,562 [INFO] Rule:228 - rule UART/USART IPParameter rename Prescaler parameter to ClockPrescaler is applicable
2025-02-16 22:55:29,562 [INFO] Rule:228 - rule UART/USART Prescaler rename Prescaler parameter to ClockPrescaler is applicable
2025-02-16 22:55:29,562 [INFO] Rule:228 - rule TIM1CLockSelection is applicable
2025-02-16 22:55:29,563 [INFO] Rule:228 - rule TIM15CLockSelection is applicable
2025-02-16 22:55:29,563 [INFO] Rule:228 - rule align RCC SDMMC3CLockSelection default value on MP1 is applicable
2025-02-16 22:55:29,563 [INFO] Rule:228 - rule align RCC SDMMC12CLockSelection default value on MP1 is applicable
2025-02-16 22:55:29,563 [INFO] Rule:228 - rule align RCC QSPICLockSelection default value on MP1 is applicable
2025-02-16 22:55:29,563 [INFO] Rule:228 - rule align RCC QSPICLockSelection default value on MP1 is applicable
2025-02-16 22:55:29,563 [INFO] Rule:228 - rule align RCC SPI6CLockSelection default value on MP1 is applicable
2025-02-16 22:55:29,563 [INFO] Rule:228 - rule align RCC LPTIM23CLockSelection default value on MP1 is applicable
2025-02-16 22:55:29,563 [INFO] Rule:228 - rule align RCC LPTIM1CLockSelection default value on MP1 is applicable
2025-02-16 22:55:29,563 [INFO] Rule:228 - rule align RCC USART1CLockSelection default value on MP1 is applicable
2025-02-16 22:55:29,563 [INFO] Rule:228 - rule align RCC USART24CLockSelection default value on MP1 is applicable
2025-02-16 22:55:29,563 [INFO] Rule:228 - rule align RCC USART6CLockSelection default value on MP1 is applicable
2025-02-16 22:55:29,563 [INFO] Rule:228 - rule align RCC UART78CLockSelection default value on MP1 is applicable
2025-02-16 22:55:29,563 [INFO] Rule:228 - rule align RCC USART35CLockSelection default value on MP1 is applicable
2025-02-16 22:55:29,563 [INFO] Rule:228 - rule align RCC SPI45CLockSelection default value on MP1 is applicable
2025-02-16 22:55:29,563 [INFO] Rule:228 - rule align RCC I2C46CLockSelection BCLK value on MP1 is applicable
2025-02-16 22:55:29,563 [INFO] Rule:228 - rule align RCC SPI45CLockSelection default value on MP1 is applicable
2025-02-16 22:55:29,563 [INFO] Rule:228 - rule align RCC I2C12CLockSelection default value on MP1 is applicable
2025-02-16 22:55:29,563 [INFO] Rule:228 - rule align RCC I2C35CLockSelection default value on MP1 is applicable
2025-02-16 22:55:29,563 [INFO] Rule:228 - rule align RCC LPTIM45CLockSelection default value on MP1 is applicable
2025-02-16 22:55:29,563 [INFO] Rule:228 - rule Rename DCMI PIXCK signal is applicable
2025-02-16 22:55:29,564 [INFO] Rule:228 - rule Change Default Value for I2C46CLockSelection MP1 family is applicable
2025-02-16 22:55:29,564 [INFO] Rule:228 - rule Change Default Value for UART for G4, G0 and WB families is applicable
2025-02-16 22:55:29,564 [INFO] Rule:228 - rule Change Default Value for USART for G4, G0 and WB families is applicable
2025-02-16 22:55:29,564 [INFO] Rule:228 - rule Change Default Value for USART for G4 family is applicable
2025-02-16 22:55:29,564 [INFO] Rule:228 - rule Change USART1CLockSelection refparam name for MP1 is applicable
2025-02-16 22:55:29,564 [INFO] Rule:228 - rule Change USART2CLockSelection refparam name for MP1 is applicable
2025-02-16 22:55:29,564 [INFO] Rule:228 - rule Change USART3CLockSelection refparam name for MP1 is applicable
2025-02-16 22:55:29,564 [INFO] Rule:228 - rule Change UART4CLockSelection refparam name for MP1 is applicable
2025-02-16 22:55:29,564 [INFO] Rule:228 - rule Change UART5CLockSelection refparam name for MP1 is applicable
2025-02-16 22:55:29,564 [INFO] Rule:228 - rule Change LPUART1CLockSelection refparam name for MP1 is applicable
2025-02-16 22:55:29,564 [INFO] Rule:228 - rule Change LPTIM1CLockSelection refparam name for MP1 is applicable
2025-02-16 22:55:29,564 [INFO] Rule:228 - rule Change LPTIM2CLockSelection refparam name for MP1 is applicable
2025-02-16 22:55:29,564 [INFO] Rule:228 - rule Change RCC_MCO1Source refparam name for MP1 is applicable
2025-02-16 22:55:29,564 [INFO] Rule:228 - rule Change LSCOSource1 refparam name for MP1 is applicable
2025-02-16 22:55:29,564 [INFO] Rule:228 - rule Change SMPSCLockSelection refparam name for MP1 is applicable
2025-02-16 22:55:29,564 [INFO] Rule:228 - rule Change LPTIM3CLockSelection refparam name for MP1 is applicable
2025-02-16 22:55:29,564 [INFO] Rule:228 - rule Change MPCBB* Default Template Mode to Parameters is applicable
2025-02-16 22:55:29,564 [INFO] Rule:228 - rule Change MPCWM* or MPCBB* Secure Mode to Parameters is applicable
2025-02-16 22:55:29,564 [INFO] Rule:228 - rule Change MPCWM* or MPCBB* No Secure Mode to Parameters is applicable
2025-02-16 22:55:29,565 [INFO] Rule:228 - rule Change TZSC IP Secure Mode to Parameters is applicable
2025-02-16 22:55:29,565 [INFO] Rule:228 - rule Change TZSC IP No Secure Mode to Parameters is applicable
2025-02-16 22:55:29,565 [INFO] Rule:228 - rule Change TZSC IP Privilege Mode to Parameters is applicable
2025-02-16 22:55:29,565 [INFO] Rule:228 - rule Change TZSC IP No Privilege Mode to Parameters is applicable
2025-02-16 22:55:29,565 [INFO] Rule:228 - rule Change TZIC IT Secure Mode to Parameters is applicable
2025-02-16 22:55:29,565 [INFO] Rule:228 - rule Change TZIC IT No Secure Mode to Parameters is applicable
2025-02-16 22:55:29,565 [INFO] Rule:228 - rule Add MPCBB1_NonSecureArea_Start_Address value with referenced to MPCBB1_NonSecureArea_Start value is applicable
2025-02-16 22:55:29,565 [INFO] Rule:228 - rule Add MPCBB2_NonSecureArea_Start_Address value with referenced to MPCBB2_NonSecureArea_Start value is applicable
2025-02-16 22:55:29,565 [INFO] Rule:228 - rule Add MPCWM1_NonSecureArea*_Start_Address value with referenced to MPCWM1_NonSecureArea*_Start value is applicable
2025-02-16 22:55:29,565 [INFO] Rule:228 - rule Add MPCWM2_NonSecureArea*_Start_Address value with referenced to MPCWM2_NonSecureArea*_Start value is applicable
2025-02-16 22:55:29,565 [INFO] Rule:228 - rule Add MPCWM3_NonSecureArea_Start_Address value with referenced to MPCWM3_NonSecureArea_Start value is applicable
2025-02-16 22:55:29,565 [INFO] Rule:228 - rule Change Default Value for PLL1UserDefinedConfig is applicable
2025-02-16 22:55:29,565 [INFO] Rule:228 - rule Change GPIO_PuPd Default Value for USART in async mode is applicable
2025-02-16 22:55:29,565 [INFO] Rule:228 - rule Change SMPSDivider Default Value is applicable
2025-02-16 22:55:29,565 [INFO] Rule:228 - rule OPAMP is applicable
2025-02-16 22:55:29,565 [INFO] Rule:228 - rule LPUART IPParameter rename Prescaler parameter to ClockPrescaler for STM32H7 is applicable
2025-02-16 22:55:29,565 [INFO] Rule:228 - rule LPUART IPParameter rename Prescaler parameter to ClockPrescaler for STM32H7 is applicable
2025-02-16 22:55:29,565 [INFO] Rule:228 - rule LPUART IPParameter rename Prescaler parameter to ClockPrescaler for STM32WB is applicable
2025-02-16 22:55:29,565 [INFO] Rule:228 - rule LPUART IPParameter rename Prescaler parameter to ClockPrescaler for STM32WB is applicable
2025-02-16 22:55:29,565 [INFO] Rule:228 - rule LPUART IPParameter rename Prescaler parameter to ClockPrescaler for STM32G4 is applicable
2025-02-16 22:55:29,565 [INFO] Rule:228 - rule LPUART IPParameter rename Prescaler parameter to ClockPrescaler for STM32G4 is applicable
2025-02-16 22:55:29,566 [INFO] Rule:228 - rule LPUART IPParameter rename Prescaler parameter to ClockPrescaler for STM32L5 is applicable
2025-02-16 22:55:29,566 [INFO] Rule:228 - rule LPUART IPParameter rename Prescaler parameter to ClockPrescaler for STM32L5 is applicable
2025-02-16 22:55:29,566 [INFO] Rule:228 - rule LPUART IPParameter rename Prescaler parameter to ClockPrescaler for STM32G4 is applicable
2025-02-16 22:55:29,566 [INFO] Rule:228 - rule LPUART IPParameter rename Prescaler parameter to ClockPrescaler for STM32G4 is applicable
2025-02-16 22:55:29,566 [INFO] Rule:228 - rule USB device lib V2.5.3 for L0 rename USBD_SUPPORT_USER_STRING parameter to USBD_SUPPORT_USER_STRING_DESC4 is applicable
2025-02-16 22:55:29,566 [INFO] Rule:228 - rule I2SCLockSelection clock entry align is applicable
2025-02-16 22:55:29,566 [INFO] Rule:228 - rule Assign TIMx context if used as SYS timebase is applicable
2025-02-16 22:55:29,566 [INFO] Rule:228 - rule Change GPIO_Pu Default Value for I2C is applicable
2025-02-16 22:55:29,566 [INFO] Rule:228 - rule Change GPIO_Pu Default Value for SMBus is applicable
2025-02-16 22:55:29,566 [INFO] Rule:228 - rule change FDCAN default value is applicable
2025-02-16 22:55:29,566 [INFO] Rule:228 - rule Change mode sai is applicable
2025-02-16 22:55:29,566 [INFO] Rule:228 - rule **Change sai mode is applicable
2025-02-16 22:55:29,566 [INFO] Rule:228 - rule Rename STM32WPAN CFG_BLE_IRK to CFG_BLE_IR is applicable
2025-02-16 22:55:29,566 [INFO] Rule:228 - rule Rename STM32WPAN CFG_BLE_ERK to CFG_BLE_ER is applicable
2025-02-16 22:55:29,566 [INFO] Rule:228 - rule Rename STM32WPAN CFG_BLE_IRK_HEX to CFG_BLE_IR_HEX is applicable
2025-02-16 22:55:29,566 [INFO] Rule:228 - rule Rename STM32WPAN CFG_BLE_ERK_HEX to CFG_BLE_ER_HEX is applicable
2025-02-16 22:55:29,569 [INFO] DbConfProperties:307 - Apply Compatibility (24/230 Rules)
2025-02-16 22:55:29,594 [INFO] ImportTextPane:218 - (OptionalMessage_ERROR) Unable to find key (Mcu.ThirdPartyNb) in loaded IOC file
2025-02-16 22:55:29,646 [INFO] RtosManager:555 - Registered RTOS mode: class=CMSIS, group=RTOS, mode=CMSIS_V1, owner=FREERTOS
2025-02-16 22:55:29,646 [INFO] RtosManager:555 - Registered RTOS mode: class=CMSIS, group=RTOS2, mode=CMSIS_V2, owner=FREERTOS
2025-02-16 22:55:29,646 [INFO] RtosManager:555 - Registered RTOS mode: class=RTOS, group=Core, mode=CMSIS_V1, owner=FREERTOS
2025-02-16 22:55:29,646 [INFO] RtosManager:555 - Registered RTOS mode: class=RTOS, group=Core, mode=CMSIS_V2, owner=FREERTOS
2025-02-16 22:55:29,646 [WARN] ModelIntegratedComponent:184 - Missing modes for component STMicroelectronics:FreeRTOS:0.0.1:STMicroelectronics:RTOS:FreeRTOS:Core:::10.2.0:
2025-02-16 22:55:29,718 [WARN] ModelIntegratedComponent:63 - No mode defined for component null
2025-02-16 22:55:29,719 [WARN] ModelIntegratedComponent:63 - No mode defined for component null
2025-02-16 22:55:29,719 [WARN] ModelIntegratedComponent:63 - No mode defined for component null
2025-02-16 22:55:29,719 [WARN] ModelIntegratedComponent:63 - No mode defined for component null
2025-02-16 22:55:29,719 [WARN] ModelIntegratedComponent:63 - No mode defined for component null
2025-02-16 22:55:29,719 [WARN] ModelIntegratedComponent:63 - No mode defined for component null
2025-02-16 22:55:29,719 [WARN] ModelIntegratedComponent:63 - No mode defined for component null
2025-02-16 22:55:29,719 [WARN] ModelIntegratedComponent:63 - No mode defined for component null
2025-02-16 22:55:29,719 [WARN] ModelIntegratedComponent:63 - No mode defined for component null
2025-02-16 22:55:29,719 [WARN] ModelIntegratedComponent:63 - No mode defined for component null
2025-02-16 22:55:29,719 [WARN] ModelIntegratedComponent:63 - No mode defined for component null
2025-02-16 22:55:29,719 [WARN] ModelIntegratedComponent:63 - No mode defined for component null
2025-02-16 22:55:29,719 [WARN] ModelIntegratedComponent:63 - No mode defined for component null
2025-02-16 22:55:29,719 [WARN] ModelIntegratedComponent:63 - No mode defined for component null
2025-02-16 22:55:29,719 [WARN] ModelIntegratedComponent:63 - No mode defined for component null
2025-02-16 22:55:29,719 [WARN] ModelIntegratedComponent:63 - No mode defined for component null
2025-02-16 22:55:29,719 [WARN] ModelIntegratedComponent:63 - No mode defined for component null
2025-02-16 22:55:29,719 [WARN] ModelIntegratedComponent:63 - No mode defined for component null
2025-02-16 22:55:29,720 [WARN] ModelIntegratedComponent:63 - No mode defined for component null
2025-02-16 22:55:29,720 [WARN] ModelIntegratedComponent:63 - No mode defined for component null
2025-02-16 22:55:29,720 [WARN] ModelIntegratedComponent:63 - No mode defined for component null
2025-02-16 22:55:29,720 [WARN] ModelIntegratedComponent:63 - No mode defined for component null
2025-02-16 22:55:29,720 [WARN] ModelIntegratedComponent:63 - No mode defined for component null
2025-02-16 22:55:29,720 [WARN] ModelIntegratedComponent:63 - No mode defined for component null
2025-02-16 22:55:29,720 [WARN] ModelIntegratedComponent:63 - No mode defined for component null
2025-02-16 22:55:29,720 [WARN] ModelIntegratedComponent:63 - No mode defined for component null
2025-02-16 22:55:29,720 [WARN] ModelIntegratedComponent:63 - No mode defined for component null
2025-02-16 22:55:29,720 [WARN] ModelIntegratedComponent:63 - No mode defined for component null
2025-02-16 22:55:29,720 [WARN] ModelIntegratedComponent:63 - No mode defined for component null
2025-02-16 22:55:29,720 [WARN] ModelIntegratedComponent:63 - No mode defined for component null
2025-02-16 22:55:29,720 [WARN] ModelIntegratedComponent:63 - No mode defined for component null
2025-02-16 22:55:29,720 [WARN] ModelIntegratedComponent:63 - No mode defined for component null
2025-02-16 22:55:29,720 [WARN] ModelIntegratedComponent:63 - No mode defined for component null
2025-02-16 22:55:29,720 [WARN] ModelIntegratedComponent:63 - No mode defined for component null
2025-02-16 22:55:29,721 [WARN] ModelIntegratedComponent:63 - No mode defined for component null
2025-02-16 22:55:29,721 [WARN] ModelPack:524 - Component already loaded: STMicroelectronics:HAL Drivers:0.0.0:STMicroelectronics:Device:STMicro_Driver:XSPI:HAL::0.0.1:HAL_XSPI
2025-02-16 22:55:30,342 [INFO] ThirdPartyModel:298 - Start build external matchings
2025-02-16 22:55:31,247 [INFO] ThirdPartyModel:316 - End build external matchings
2025-02-16 22:55:31,259 [INFO] ImportTextPane:218 - (OptionalMessage_ERROR) IP (RCC) : Parameter (ADCFreqValue) has invalid value (32000000)
2025-02-16 22:55:31,259 [INFO] ImportTextPane:218 - (OptionalMessage_ERROR) IP (RCC) : Invalid parameter (FamilyName)
2025-02-16 22:55:31,259 [INFO] ImportTextPane:218 - (OptionalMessage_ERROR) IP (RCC) : Parameter (MCOFreq_Value) has invalid value (64000000)
2025-02-16 22:55:31,260 [INFO] ImportTextPane:218 - (OptionalMessage_ERROR) IP (RCC) : Parameter (USBFreq_Value) has invalid value (64000000)
2025-02-16 22:55:31,725 [INFO] UtilMem:75 - End LoadConfig() Used Memory: 879594528 Bytes (1073741824)
2025-02-16 22:55:31,742 [WARN] ThirdParty:833 - waiting for thirdparty lock release [change project]
2025-02-16 22:55:31,742 [INFO] ThirdParty:835 - entering critical section [change project]
2025-02-16 22:55:31,743 [INFO] ThirdParty:1030 - CMSIS Pack Vendor :STMicroelectronics USBPD 4.1
2025-02-16 22:55:31,743 [INFO] ThirdParty:1030 - CMSIS Pack Vendor :STMicroelectronics X-CUBE-AZRTOS-H7 3.3.0
2025-02-16 22:55:31,743 [INFO] ThirdParty:1030 - CMSIS Pack Vendor :STMicroelectronics X-CUBE-NFC9 1.0.0
2025-02-16 22:55:31,743 [INFO] ThirdParty:1030 - CMSIS Pack Vendor :STMicroelectronics USB_HOST 2.0.0
2025-02-16 22:55:31,743 [INFO] ThirdParty:1030 - CMSIS Pack Vendor :STMicroelectronics FP-SNS-MOTENVWB1 1.4.0
2025-02-16 22:55:31,743 [INFO] ThirdParty:1030 - CMSIS Pack Vendor :STMicroelectronics X-CUBE-AZRTOS-F4 1.1.0
2025-02-16 22:55:31,743 [INFO] ThirdParty:1030 - CMSIS Pack Vendor :STMicroelectronics LIBJPEG 8.0.0
2025-02-16 22:55:31,743 [INFO] ThirdParty:1030 - CMSIS Pack Vendor :STMicroelectronics FP-ATR-ASTRA1 2.0.1
2025-02-16 22:55:31,743 [INFO] ThirdParty:1030 - CMSIS Pack Vendor :STMicroelectronics X-CUBE-SMBUS 2.1.0
2025-02-16 22:55:31,743 [INFO] ThirdParty:1030 - CMSIS Pack Vendor :STMicroelectronics X-CUBE-WB05N 1.1.0
2025-02-16 22:55:31,743 [INFO] ThirdParty:1030 - CMSIS Pack Vendor :STMicroelectronics USB_DEVICE 3.0.0
2025-02-16 22:55:31,743 [INFO] ThirdParty:1030 - CMSIS Pack Vendor :STMicroelectronics X-CUBE-ISPU 2.1.0
2025-02-16 22:55:31,743 [INFO] ThirdParty:1030 - CMSIS Pack Vendor :STMicroelectronics X-CUBE-AZRTOS-WB 2.0.0
2025-02-16 22:55:31,743 [INFO] ThirdParty:1030 - CMSIS Pack Vendor :STMicroelectronics X-CUBE-GNSS1 7.0.1
2025-02-16 22:55:31,743 [INFO] ThirdParty:1030 - CMSIS Pack Vendor :STMicroelectronics X-CUBE-AZRTOS-F7 1.1.0
2025-02-16 22:55:31,743 [INFO] ThirdParty:1030 - CMSIS Pack Vendor :STMicroelectronics X-CUBE-AZRTOS-L5 2.0.0
2025-02-16 22:55:31,743 [INFO] ThirdParty:1030 - CMSIS Pack Vendor :STMicroelectronics USB_DEVICE 2.0.0
2025-02-16 22:55:31,743 [INFO] ThirdParty:1030 - CMSIS Pack Vendor :STMicroelectronics X-CUBE-NFC6 3.1.0
2025-02-16 22:55:31,743 [INFO] ThirdParty:1030 - CMSIS Pack Vendor :STMicroelectronics FP-SNS-STBOX1 2.0.0
2025-02-16 22:55:31,744 [INFO] ThirdParty:1030 - CMSIS Pack Vendor :STMicroelectronics FreeRTOS 0.0.1
2025-02-16 22:55:31,744 [INFO] ThirdParty:1030 - CMSIS Pack Vendor :STMicroelectronics X-CUBE-AZRTOS-G0 1.1.0
2025-02-16 22:55:31,744 [INFO] ThirdParty:1030 - CMSIS Pack Vendor :STMicroelectronics X-CUBE-SAFEA1 1.2.2
2025-02-16 22:55:31,744 [INFO] ThirdParty:1030 - CMSIS Pack Vendor :STMicroelectronics X-CUBE-NFC4 3.0.0
2025-02-16 22:55:31,744 [INFO] ThirdParty:1030 - CMSIS Pack Vendor :STMicroelectronics X-CUBE-DPower 1.2.0
2025-02-16 22:55:31,744 [INFO] ThirdParty:1030 - CMSIS Pack Vendor :STMicroelectronics X-CUBE-SUBG2 5.0.0
2025-02-16 22:55:31,744 [INFO] ThirdParty:1030 - CMSIS Pack Vendor :STMicroelectronics STM32_WPAN 1.0.0
2025-02-16 22:55:31,744 [INFO] ThirdParty:1030 - CMSIS Pack Vendor :EmbeddedOffice I-CUBE-FS-RTOS 1.0.1
2025-02-16 22:55:31,744 [INFO] ThirdParty:1030 - CMSIS Pack Vendor :STMicroelectronics lwIP 2.0.3
2025-02-16 22:55:31,744 [INFO] ThirdParty:1030 - CMSIS Pack Vendor :STMicroelectronics FP-SNS-FLIGHT1 5.0.2
2025-02-16 22:55:31,744 [INFO] ThirdParty:1030 - CMSIS Pack Vendor :Cesanta I-CUBE-Mongoose 7.13.0
2025-02-16 22:55:31,744 [INFO] ThirdParty:1030 - CMSIS Pack Vendor :STMicroelectronics USB_HOST 1.0.0
2025-02-16 22:55:31,744 [INFO] ThirdParty:1030 - CMSIS Pack Vendor :Infineon AIROC-Wi-Fi-Bluetooth-STM32 1.7.0
2025-02-16 22:55:31,744 [INFO] ThirdParty:1030 - CMSIS Pack Vendor :STMicroelectronics X-CUBE-AZRTOS-G4 2.0.0
2025-02-16 22:55:31,744 [INFO] ThirdParty:1030 - CMSIS Pack Vendor :STMicroelectronics PDM2PCM 3.1.0
2025-02-16 22:55:31,744 [INFO] ThirdParty:1030 - CMSIS Pack Vendor :STMicroelectronics PDM2PCM 3.3.0
2025-02-16 22:55:31,744 [INFO] ThirdParty:1030 - CMSIS Pack Vendor :STMicroelectronics X-CUBE-DISPLAY 3.0.0
2025-02-16 22:55:31,744 [INFO] ThirdParty:1030 - CMSIS Pack Vendor :STMicroelectronics X-CUBE-TCPP 4.2.0
2025-02-16 22:55:31,744 [INFO] ThirdParty:1030 - CMSIS Pack Vendor :RealThread X-CUBE-RT-Thread_Nano 4.1.1
2025-02-16 22:55:31,744 [INFO] ThirdParty:1030 - CMSIS Pack Vendor :STMicroelectronics X-CUBE-BLE1 7.0.0
2025-02-16 22:55:31,744 [INFO] ThirdParty:1030 - CMSIS Pack Vendor :STMicroelectronics FP-ATR-SIGFOX1 3.2.0
2025-02-16 22:55:31,744 [INFO] ThirdParty:1030 - CMSIS Pack Vendor :STMicroelectronics X-CUBE-NFC10 1.0.0
2025-02-16 22:55:31,744 [INFO] ThirdParty:1030 - CMSIS Pack Vendor :quantropi X-CUBE-qispace-sdk-base 1.9.3
2025-02-16 22:55:31,744 [INFO] ThirdParty:1030 - CMSIS Pack Vendor :STMicroelectronics X-CUBE-BLEMGR 4.0.0
2025-02-16 22:55:31,744 [INFO] ThirdParty:1030 - CMSIS Pack Vendor :STMicroelectronics X-CUBE-EEPRMA1 5.1.0
2025-02-16 22:55:31,744 [INFO] ThirdParty:1030 - CMSIS Pack Vendor :STMicroelectronics HAL Drivers 0.0.0
2025-02-16 22:55:31,744 [INFO] ThirdParty:1030 - CMSIS Pack Vendor :STMicroelectronics MBEDTLS 2.16.2
2025-02-16 22:55:31,744 [INFO] ThirdParty:1030 - CMSIS Pack Vendor :STMicroelectronics X-CUBE-IPS 3.1.0
2025-02-16 22:55:31,746 [INFO] ThirdParty:1030 - CMSIS Pack Vendor :STMicroelectronics X-CUBE-ALS 1.0.2
2025-02-16 22:55:31,747 [INFO] ThirdParty:1030 - CMSIS Pack Vendor :emotas I-CUBE-CANOPEN 1.3.0
2025-02-16 22:55:31,747 [INFO] ThirdParty:1030 - CMSIS Pack Vendor :STMicroelectronics X-CUBE-FREERTOS 1.3.0
2025-02-16 22:55:31,747 [INFO] ThirdParty:1030 - CMSIS Pack Vendor :STMicroelectronics X-CUBE-NFC7 1.0.1
2025-02-16 22:55:31,747 [INFO] ThirdParty:1030 - CMSIS Pack Vendor :STMicroelectronics MBEDTLS 2.14.1
2025-02-16 22:55:31,747 [INFO] ThirdParty:1030 - CMSIS Pack Vendor :wolfSSL I-CUBE-wolfSSL 5.7.6
2025-02-16 22:55:31,747 [INFO] ThirdParty:1030 - CMSIS Pack Vendor :ITTIA_DB I-CUBE-ITTIADB 8.9.0
2025-02-16 22:55:31,747 [INFO] ThirdParty:1030 - CMSIS Pack Vendor :STMicroelectronics X-CUBE-TOUCHGFX 4.24.2
2025-02-16 22:55:31,747 [INFO] ThirdParty:1030 - CMSIS Pack Vendor :wolfSSL I-CUBE-wolfTPM 3.4.0
2025-02-16 22:55:31,747 [INFO] ThirdParty:1030 - CMSIS Pack Vendor :portGmbH I-Cube-SoM-uGOAL 1.1.0
2025-02-16 22:55:31,747 [INFO] ThirdParty:1030 - CMSIS Pack Vendor :STMicroelectronics X-CUBE-AI 10.0.0
2025-02-16 22:55:31,747 [INFO] ThirdParty:1030 - CMSIS Pack Vendor :STMicroelectronics ThreadX 1.0.0
2025-02-16 22:55:31,747 [INFO] ThirdParty:1030 - CMSIS Pack Vendor :STMicroelectronics FP-SNS-SMARTAG2 1.2.0
2025-02-16 22:55:31,747 [INFO] ThirdParty:1030 - CMSIS Pack Vendor :STMicroelectronics X-CUBE-MEMS1 11.1.0
2025-02-16 22:55:31,747 [INFO] ThirdParty:1030 - CMSIS Pack Vendor :STMicroelectronics X-CUBE-AZRTOS-WL 2.0.0
2025-02-16 22:55:31,747 [INFO] ThirdParty:1030 - CMSIS Pack Vendor :SEGGER I-CUBE-embOS 1.3.1
2025-02-16 22:55:31,747 [INFO] ThirdParty:1030 - CMSIS Pack Vendor :STMicroelectronics X-CUBE-ALGOBUILD 1.4.0
2025-02-16 22:55:31,747 [INFO] ThirdParty:1030 - CMSIS Pack Vendor :STMicroelectronics FP-SNS-MOTENV1 5.0.0
2025-02-16 22:55:31,747 [INFO] ThirdParty:1030 - CMSIS Pack Vendor :STMicroelectronics USB_DEVICE 1.0.0
2025-02-16 22:55:31,747 [INFO] ThirdParty:1030 - CMSIS Pack Vendor :STMicroelectronics X-CUBE-AZRTOS-H7RS 1.0.0
2025-02-16 22:55:31,747 [INFO] ThirdParty:1030 - CMSIS Pack Vendor :wolfSSL I-CUBE-wolfMQTT 1.19.0
2025-02-16 22:55:31,747 [INFO] ThirdParty:1030 - CMSIS Pack Vendor :STMicroelectronics X-CUBE-AZRTOS-L4 2.0.0
2025-02-16 22:55:31,748 [INFO] ThirdParty:1030 - CMSIS Pack Vendor :STMicroelectronics ThreadX 0.0.2
2025-02-16 22:55:31,748 [INFO] ThirdParty:1030 - CMSIS Pack Vendor :WES I-CUBE-Cesium 1.3.0
2025-02-16 22:55:31,748 [INFO] ThirdParty:1030 - CMSIS Pack Vendor :STMicroelectronics lwIP 2.1.2
2025-02-16 22:55:31,748 [INFO] ThirdParty:1030 - CMSIS Pack Vendor :STMicroelectronics X-CUBE-SFXS2LP1 4.0.0
2025-02-16 22:55:31,748 [INFO] ThirdParty:1030 - CMSIS Pack Vendor :STMicroelectronics X-CUBE-BLE2 3.3.0
2025-02-16 22:55:31,748 [INFO] ThirdParty:1030 - CMSIS Pack Vendor :STMicroelectronics X-CUBE-TOF1 3.4.2
2025-02-16 22:55:31,748 [INFO] ThirdParty:1030 - CMSIS Pack Vendor :STMicroelectronics PDM2PCM 3.2.0
2025-02-16 22:55:31,748 [INFO] ThirdParty:1030 - CMSIS Pack Vendor :wolfSSL I-CUBE-wolfSSH 1.4.17
2025-02-16 22:55:31,748 [INFO] ThirdParty:841 - exiting critical section [change project]
2025-02-16 22:55:31,961 [INFO] PinOutPanel:1589 - setPackage(No Configuration,No Configuration)
2025-02-16 22:55:31,962 [INFO] PinOutPanel:1589 - setPackage(STM32F103RBTx,LQFP64)
2025-02-16 22:55:32,544 [INFO] UtilMem:75 - Before build in PCC Used Memory: 382040752 Bytes (1073741824)
2025-02-16 22:55:32,993 [INFO] UtilMem:75 - After build in PCC Used Memory: 415068848 Bytes (1073741824)
2025-02-16 22:55:33,009 [INFO] IPUIPlugin:80 - create IPUIPlugin
2025-02-16 22:55:33,009 [INFO] IPUIPlugin:80 - create IPUIPlugin
2025-02-16 22:55:33,009 [INFO] IPUIPlugin:80 - create IPUIPlugin
2025-02-16 22:55:33,010 [INFO] IPUIPlugin:80 - create IPUIPlugin
2025-02-16 22:55:33,010 [INFO] IPUIPlugin:80 - create IPUIPlugin
2025-02-16 22:55:33,010 [INFO] IPUIPlugin:80 - create IPUIPlugin
2025-02-16 22:55:33,010 [INFO] IPUIPlugin:80 - create IPUIPlugin
2025-02-16 22:55:33,010 [INFO] IPUIPlugin:80 - create IPUIPlugin
2025-02-16 22:55:33,010 [INFO] IPUIPlugin:80 - create IPUIPlugin
2025-02-16 22:55:33,010 [INFO] IPUIPlugin:80 - create IPUIPlugin
2025-02-16 22:55:33,010 [INFO] IPUIPlugin:80 - create IPUIPlugin
2025-02-16 22:55:33,011 [INFO] IPUIPlugin:80 - create IPUIPlugin
2025-02-16 22:55:33,011 [INFO] IPUIPlugin:80 - create IPUIPlugin
2025-02-16 22:55:33,011 [INFO] IPUIPlugin:80 - create IPUIPlugin
2025-02-16 22:55:33,011 [INFO] IPUIPlugin:80 - create IPUIPlugin
2025-02-16 22:55:33,011 [INFO] IPUIPlugin:80 - create IPUIPlugin
2025-02-16 22:55:33,012 [INFO] IPUIPlugin:80 - create IPUIPlugin
2025-02-16 22:55:33,012 [INFO] IPUIPlugin:80 - create IPUIPlugin
2025-02-16 22:55:33,012 [INFO] IPUIPlugin:80 - create IPUIPlugin
2025-02-16 22:55:33,012 [INFO] IPUIPlugin:80 - create IPUIPlugin
2025-02-16 22:55:33,012 [INFO] IPUIPlugin:80 - create IPUIPlugin
2025-02-16 22:55:33,012 [INFO] IPUIPlugin:80 - create IPUIPlugin
2025-02-16 22:55:33,012 [INFO] IPUIPlugin:80 - create IPUIPlugin
2025-02-16 22:55:33,012 [INFO] IPUIPlugin:80 - create IPUIPlugin
2025-02-16 22:55:33,013 [INFO] IPUIPlugin:80 - create IPUIPlugin
2025-02-16 22:55:33,013 [INFO] IPUIPlugin:80 - create IPUIPlugin
2025-02-16 22:55:33,013 [INFO] IPUIPlugin:80 - create IPUIPlugin
2025-02-16 22:55:33,051 [INFO] CADModel:165 - CPN selected for project levelSTM32F103RBT6
2025-02-16 22:55:33,051 [INFO] CADModel:114 - Register for checkConnection events
2025-02-16 22:55:33,104 [INFO] OpenFileManager:363 - Restore cursor
2025-02-16 22:55:33,420 [INFO] UtilMem:75 - End SaveConfig() Used Memory: 496857776 Bytes (1073741824)
2025-02-16 22:55:33,504 [INFO] UtilMem:75 - End SaveConfig() Used Memory: 510489264 Bytes (1073741824)
2025-02-16 22:55:33,674 [INFO] BlockDiagram:2766 - set Specific Code input for plugin: NVIC
2025-02-16 22:55:33,674 [INFO] BlockDiagram:2766 - set Specific Code input for plugin: USART
2025-02-16 22:55:33,674 [INFO] BlockDiagram:2766 - set Specific Code input for plugin: SYS
2025-02-16 22:55:33,674 [INFO] BlockDiagram:2766 - set Specific Code input for plugin: GPIO
2025-02-16 22:55:33,674 [INFO] BlockDiagram:2766 - set Specific Code input for plugin: RCC
2025-02-16 22:55:33,677 [INFO] CodeGenerator:896 - code generatio: config db path: C:\ST\STM32CubeIDE_1.17.0\STM32CubeIDE\plugins\com.st.stm32cube.common.mx_6.13.0.202411220809\\db\
2025-02-16 22:55:33,821 [INFO] CodeEngine:255 - oldGeneratedFile, C:\Users\PanTalir\Documents\GitHub\Programming\STM32Cube\21_PWM_Shutdown_Break\MXTmpFiles\license.tmp_save
2025-02-16 22:55:34,166 [INFO] CodeEngine:279 - Generated code: C:\Users\PanTalir\Documents\GitHub\Programming\STM32Cube\21_PWM_Shutdown_Break\MXTmpFiles\license.tmp
2025-02-16 22:55:34,208 [INFO] CodeEngine:255 - oldGeneratedFile, C:\Users\PanTalir\Documents\GitHub\Programming\STM32Cube\21_PWM_Shutdown_Break\MXTmpFiles\gpio.tmp_save
2025-02-16 22:55:34,428 [INFO] CodeEngine:279 - Generated code: C:\Users\PanTalir\Documents\GitHub\Programming\STM32Cube\21_PWM_Shutdown_Break\MXTmpFiles\gpio.tmp
2025-02-16 22:55:34,500 [INFO] CodeEngine:255 - oldGeneratedFile, C:\Users\PanTalir\Documents\GitHub\Programming\STM32Cube\21_PWM_Shutdown_Break\Core\Src\stm32f1xx_it.c_save
2025-02-16 22:55:34,857 [INFO] CodeEngine:279 - Generated code: C:\Users\PanTalir\Documents\GitHub\Programming\STM32Cube\21_PWM_Shutdown_Break\Core\Src\stm32f1xx_it.c
2025-02-16 22:55:34,864 [INFO] CodeEngine:255 - oldGeneratedFile, C:\Users\PanTalir\Documents\GitHub\Programming\STM32Cube\21_PWM_Shutdown_Break\Core\Inc\stm32f1xx_it.h_save
2025-02-16 22:55:34,991 [INFO] CodeEngine:279 - Generated code: C:\Users\PanTalir\Documents\GitHub\Programming\STM32Cube\21_PWM_Shutdown_Break\Core\Inc\stm32f1xx_it.h
2025-02-16 22:55:35,005 [INFO] CodeEngine:255 - oldGeneratedFile, C:\Users\PanTalir\Documents\GitHub\Programming\STM32Cube\21_PWM_Shutdown_Break\Core\Src\stm32f1xx_hal_msp.c_save
2025-02-16 22:55:35,276 [INFO] CodeEngine:279 - Generated code: C:\Users\PanTalir\Documents\GitHub\Programming\STM32Cube\21_PWM_Shutdown_Break\Core\Src\stm32f1xx_hal_msp.c
2025-02-16 22:55:35,294 [INFO] CodeEngine:255 - oldGeneratedFile, C:\Users\PanTalir\Documents\GitHub\Programming\STM32Cube\21_PWM_Shutdown_Break\MXTmpFiles\system.tmp_save
2025-02-16 22:55:35,409 [INFO] CodeEngine:279 - Generated code: C:\Users\PanTalir\Documents\GitHub\Programming\STM32Cube\21_PWM_Shutdown_Break\MXTmpFiles\system.tmp
2025-02-16 22:55:35,421 [INFO] CodeEngine:311 - oldGeneratedFile, C:\Users\PanTalir\Documents\GitHub\Programming\STM32Cube\21_PWM_Shutdown_Break\Core\Inc\stm32f1xx_hal_conf.h_save
2025-02-16 22:55:35,581 [INFO] CodeEngine:335 - Generated code: C:\Users\PanTalir\Documents\GitHub\Programming\STM32Cube\21_PWM_Shutdown_Break\Core\Inc\stm32f1xx_hal_conf.h
2025-02-16 22:55:35,619 [INFO] ApiDbMcu:508 - Load IP Config File for USART2
2025-02-16 22:55:35,622 [INFO] ApiDbMcu:508 - Load IP Config File for RCC
2025-02-16 22:55:35,633 [INFO] CodeEngine:255 - oldGeneratedFile, C:\Users\PanTalir\Documents\GitHub\Programming\STM32Cube\21_PWM_Shutdown_Break\Core\Inc\main.h_save
2025-02-16 22:55:35,825 [INFO] CodeEngine:279 - Generated code: C:\Users\PanTalir\Documents\GitHub\Programming\STM32Cube\21_PWM_Shutdown_Break\Core\Inc\main.h
2025-02-16 22:55:35,832 [INFO] CodeEngine:255 - oldGeneratedFile, C:\Users\PanTalir\Documents\GitHub\Programming\STM32Cube\21_PWM_Shutdown_Break\Core\Src\main.c_save
2025-02-16 22:55:35,967 [INFO] CodeEngine:279 - Generated code: C:\Users\PanTalir\Documents\GitHub\Programming\STM32Cube\21_PWM_Shutdown_Break\Core\Src\main.c
2025-02-16 22:55:36,294 [INFO] ProjectBuilder:3289 - Time for Copy HAL[1] : 142mS.
2025-02-16 22:55:36,299 [INFO] ProjectBuilder:4876 - Project Generator version: 4.5.0-RC5
2025-02-16 22:55:36,385 [INFO] ConfigFileManager:1579 - The Die is : DIE410
2025-02-16 22:55:36,397 [INFO] ApiDbMcu:508 - Load IP Config File for FATFS
2025-02-16 22:55:36,413 [INFO] ApiDbMcu:508 - Load IP Config File for FREERTOS
2025-02-16 22:55:36,432 [INFO] ApiDbMcu:508 - Load IP Config File for USB_DEVICE
2025-02-16 22:55:39,605 [INFO] ProjectBuilder:5154 - Time for Generating toolchain IDE Files: 3306mS.
2025-02-16 22:55:39,606 [INFO] ProjectBuilder:3146 - Time for Copy CMSIS : 0mS.
2025-02-16 22:55:39,608 [INFO] ProjectBuilder:3146 - Time for Copy CMSIS : 0mS.
2025-02-16 22:55:40,805 [INFO] McuFinderGlobals:76 - Set McuFinderConnectedMode to true
2025-02-16 22:55:40,806 [INFO] ApiDb:448 - Save user favorites file C:\Users\PanTalir/.stm32cubeide/favorites.mcus.txt: 1 item(s)
2025-02-16 22:55:40,807 [INFO] ApiDb:452 - User favorites MCUs=[STM32F411CEU6]
2025-02-16 22:55:40,808 [INFO] ApiDb:448 - Save user favorites file C:\Users\PanTalir/.stm32cubeide/favorites.boards.txt: 1 item(s)
2025-02-16 22:55:40,808 [INFO] ApiDb:452 - User favorites Boards=[NUCLEO-F103RB]
2025-02-16 22:59:24,314 [INFO] NvicIntPanel:101 - NVIC parent = com.st.microxplorer.plugins.ip.nvic.MultiNvicIntPanel[,0,0,0x0,invalid,layout=javax.swing.BoxLayout,alignmentX=0.0,alignmentY=0.0,border=,flags=9,maximumSize=,minimumSize=,preferredSize=]
2025-02-16 22:59:26,059 [INFO] NvicIntPanel:101 - NVIC parent = com.st.microxplorer.plugins.ip.nvic.MultiNvicIntPanel[,0,0,0x0,invalid,layout=javax.swing.BoxLayout,alignmentX=0.0,alignmentY=0.0,border=,flags=9,maximumSize=,minimumSize=,preferredSize=]
2025-02-16 22:59:46,294 [INFO] NvicIntPanel:101 - NVIC parent = com.st.microxplorer.plugins.ip.nvic.MultiNvicIntPanel[,0,0,0x0,invalid,layout=javax.swing.BoxLayout,alignmentX=0.0,alignmentY=0.0,border=,flags=9,maximumSize=,minimumSize=,preferredSize=]
2025-02-16 23:00:01,354 [INFO] Gpio:277 - dependency for GPIO [RCC, SYS, TIM1, USART2]
2025-02-16 23:01:15,591 [INFO] Gpio:277 - dependency for GPIO [RCC, SYS, TIM1, USART2]
2025-02-16 23:01:15,737 [INFO] Gpio:277 - dependency for GPIO [RCC, SYS, TIM1, USART2]
2025-02-16 23:01:22,577 [INFO] Gpio:277 - dependency for GPIO [RCC, SYS, TIM1, USART2]
2025-02-16 23:01:22,619 [INFO] NvicIntPanel:101 - NVIC parent = com.st.microxplorer.plugins.ip.nvic.MultiNvicIntPanel[,0,0,0x0,invalid,layout=javax.swing.BoxLayout,alignmentX=0.0,alignmentY=0.0,border=,flags=9,maximumSize=,minimumSize=,preferredSize=]
2025-02-16 23:06:24,312 [INFO] UtilMem:75 - End SaveConfig() Used Memory: 381971880 Bytes (1073741824)
2025-02-16 23:06:27,805 [INFO] UtilMem:75 - End SaveConfig() Used Memory: 473481072 Bytes (1073741824)
2025-02-16 23:06:28,390 [INFO] BlockDiagram:2766 - set Specific Code input for plugin: NVIC
2025-02-16 23:06:28,390 [INFO] BlockDiagram:2766 - set Specific Code input for plugin: USART
2025-02-16 23:06:28,391 [INFO] BlockDiagram:2766 - set Specific Code input for plugin: TIM1_8F1
2025-02-16 23:06:28,391 [INFO] BlockDiagram:2766 - set Specific Code input for plugin: SYS
2025-02-16 23:06:28,391 [INFO] BlockDiagram:2766 - set Specific Code input for plugin: GPIO
2025-02-16 23:06:28,391 [INFO] BlockDiagram:2766 - set Specific Code input for plugin: RCC
2025-02-16 23:06:28,392 [INFO] CodeGenerator:896 - code generatio: config db path: C:\ST\STM32CubeIDE_1.17.0\STM32CubeIDE\plugins\com.st.stm32cube.common.mx_6.13.0.202411220809\\db\
2025-02-16 23:06:28,582 [INFO] CodeEngine:255 - oldGeneratedFile, C:\Users\PanTalir\Documents\GitHub\Programming\STM32Cube\21_PWM_Shutdown_Break\MXTmpFiles\license.tmp_save
2025-02-16 23:06:28,749 [INFO] CodeEngine:279 - Generated code: C:\Users\PanTalir\Documents\GitHub\Programming\STM32Cube\21_PWM_Shutdown_Break\MXTmpFiles\license.tmp
2025-02-16 23:06:28,780 [INFO] CodeEngine:255 - oldGeneratedFile, C:\Users\PanTalir\Documents\GitHub\Programming\STM32Cube\21_PWM_Shutdown_Break\MXTmpFiles\gpio.tmp_save
2025-02-16 23:06:28,913 [INFO] CodeEngine:279 - Generated code: C:\Users\PanTalir\Documents\GitHub\Programming\STM32Cube\21_PWM_Shutdown_Break\MXTmpFiles\gpio.tmp
2025-02-16 23:06:29,095 [INFO] CodeEngine:255 - oldGeneratedFile, C:\Users\PanTalir\Documents\GitHub\Programming\STM32Cube\21_PWM_Shutdown_Break\Core\Src\stm32f1xx_it.c_save
2025-02-16 23:06:29,274 [INFO] CodeEngine:279 - Generated code: C:\Users\PanTalir\Documents\GitHub\Programming\STM32Cube\21_PWM_Shutdown_Break\Core\Src\stm32f1xx_it.c
2025-02-16 23:06:29,305 [INFO] CodeEngine:255 - oldGeneratedFile, C:\Users\PanTalir\Documents\GitHub\Programming\STM32Cube\21_PWM_Shutdown_Break\Core\Inc\stm32f1xx_it.h_save
2025-02-16 23:06:29,398 [INFO] CodeEngine:279 - Generated code: C:\Users\PanTalir\Documents\GitHub\Programming\STM32Cube\21_PWM_Shutdown_Break\Core\Inc\stm32f1xx_it.h
2025-02-16 23:06:29,427 [INFO] CodeEngine:255 - oldGeneratedFile, C:\Users\PanTalir\Documents\GitHub\Programming\STM32Cube\21_PWM_Shutdown_Break\Core\Src\stm32f1xx_hal_msp.c_save
2025-02-16 23:06:29,610 [INFO] CodeEngine:279 - Generated code: C:\Users\PanTalir\Documents\GitHub\Programming\STM32Cube\21_PWM_Shutdown_Break\Core\Src\stm32f1xx_hal_msp.c
2025-02-16 23:06:29,616 [INFO] CodeEngine:255 - oldGeneratedFile, C:\Users\PanTalir\Documents\GitHub\Programming\STM32Cube\21_PWM_Shutdown_Break\MXTmpFiles\system.tmp_save
2025-02-16 23:06:29,687 [INFO] CodeEngine:279 - Generated code: C:\Users\PanTalir\Documents\GitHub\Programming\STM32Cube\21_PWM_Shutdown_Break\MXTmpFiles\system.tmp
2025-02-16 23:06:29,710 [INFO] CodeEngine:311 - oldGeneratedFile, C:\Users\PanTalir\Documents\GitHub\Programming\STM32Cube\21_PWM_Shutdown_Break\Core\Inc\stm32f1xx_hal_conf.h_save
2025-02-16 23:06:29,836 [INFO] CodeEngine:335 - Generated code: C:\Users\PanTalir\Documents\GitHub\Programming\STM32Cube\21_PWM_Shutdown_Break\Core\Inc\stm32f1xx_hal_conf.h
2025-02-16 23:06:29,894 [INFO] ApiDbMcu:508 - Load IP Config File for TIM1
2025-02-16 23:06:29,895 [WARN] IPConfigManager:3618 - IP not found : TIM
2025-02-16 23:06:29,896 [WARN] CodeGenerator:4152 - IP not found : null
2025-02-16 23:06:29,917 [INFO] CodeEngine:255 - oldGeneratedFile, C:\Users\PanTalir\Documents\GitHub\Programming\STM32Cube\21_PWM_Shutdown_Break\Core\Inc\main.h_save
2025-02-16 23:06:30,036 [INFO] CodeEngine:279 - Generated code: C:\Users\PanTalir\Documents\GitHub\Programming\STM32Cube\21_PWM_Shutdown_Break\Core\Inc\main.h
2025-02-16 23:06:30,055 [INFO] CodeEngine:255 - oldGeneratedFile, C:\Users\PanTalir\Documents\GitHub\Programming\STM32Cube\21_PWM_Shutdown_Break\Core\Src\main.c_save
2025-02-16 23:06:30,261 [INFO] CodeEngine:279 - Generated code: C:\Users\PanTalir\Documents\GitHub\Programming\STM32Cube\21_PWM_Shutdown_Break\Core\Src\main.c
2025-02-16 23:06:30,662 [INFO] ProjectBuilder:3289 - Time for Copy HAL[1] : 200mS.
2025-02-16 23:06:30,669 [INFO] ProjectBuilder:4876 - Project Generator version: 4.5.0-RC5
2025-02-16 23:06:30,764 [INFO] ConfigFileManager:1579 - The Die is : DIE410
2025-02-16 23:06:32,304 [INFO] ProjectBuilder:5154 - Time for Generating toolchain IDE Files: 1635mS.
2025-02-16 23:06:32,305 [INFO] ProjectBuilder:3146 - Time for Copy CMSIS : 0mS.
2025-02-16 23:06:32,309 [INFO] ProjectBuilder:3146 - Time for Copy CMSIS : 0mS.
2025-02-16 23:17:17,909 [INFO] Gpio:277 - dependency for GPIO [RCC, SYS, TIM1, USART2]
2025-02-16 23:17:17,997 [INFO] NvicIntPanel:101 - NVIC parent = com.st.microxplorer.plugins.ip.nvic.MultiNvicIntPanel[,0,0,0x0,invalid,layout=javax.swing.BoxLayout,alignmentX=0.0,alignmentY=0.0,border=,flags=9,maximumSize=,minimumSize=,preferredSize=]
2025-02-16 23:18:20,705 [INFO] NvicIntPanel:101 - NVIC parent = com.st.microxplorer.plugins.ip.nvic.MultiNvicIntPanel[,0,0,0x0,invalid,layout=javax.swing.BoxLayout,alignmentX=0.0,alignmentY=0.0,border=,flags=9,maximumSize=,minimumSize=,preferredSize=]
2025-02-16 23:18:24,210 [INFO] NvicIntPanel:101 - NVIC parent = com.st.microxplorer.plugins.ip.nvic.MultiNvicIntPanel[,0,0,0x0,invalid,layout=javax.swing.BoxLayout,alignmentX=0.0,alignmentY=0.0,border=,flags=9,maximumSize=,minimumSize=,preferredSize=]
2025-02-16 23:18:32,125 [INFO] NvicIntPanel:101 - NVIC parent = com.st.microxplorer.plugins.ip.nvic.MultiNvicIntPanel[,0,0,0x0,invalid,layout=javax.swing.BoxLayout,alignmentX=0.0,alignmentY=0.0,border=,flags=9,maximumSize=,minimumSize=,preferredSize=]
2025-02-16 23:18:45,062 [INFO] UtilMem:75 - End SaveConfig() Used Memory: 890116928 Bytes (1073741824)
2025-02-16 23:18:58,146 [INFO] UtilMem:75 - End SaveConfig() Used Memory: 395299024 Bytes (1073741824)
2025-02-16 23:18:58,273 [INFO] BlockDiagram:2766 - set Specific Code input for plugin: NVIC
2025-02-16 23:18:58,273 [INFO] BlockDiagram:2766 - set Specific Code input for plugin: USART
2025-02-16 23:18:58,273 [INFO] BlockDiagram:2766 - set Specific Code input for plugin: TIM1_8F1
2025-02-16 23:18:58,273 [INFO] BlockDiagram:2766 - set Specific Code input for plugin: SYS
2025-02-16 23:18:58,273 [INFO] BlockDiagram:2766 - set Specific Code input for plugin: GPIO
2025-02-16 23:18:58,273 [INFO] BlockDiagram:2766 - set Specific Code input for plugin: RCC
2025-02-16 23:18:58,275 [INFO] CodeGenerator:896 - code generatio: config db path: C:\ST\STM32CubeIDE_1.17.0\STM32CubeIDE\plugins\com.st.stm32cube.common.mx_6.13.0.202411220809\\db\
2025-02-16 23:18:58,373 [INFO] CodeEngine:255 - oldGeneratedFile, C:\Users\PanTalir\Documents\GitHub\Programming\STM32Cube\21_PWM_Shutdown_Break\MXTmpFiles\license.tmp_save
2025-02-16 23:18:58,667 [INFO] CodeEngine:279 - Generated code: C:\Users\PanTalir\Documents\GitHub\Programming\STM32Cube\21_PWM_Shutdown_Break\MXTmpFiles\license.tmp
2025-02-16 23:18:58,724 [INFO] CodeEngine:255 - oldGeneratedFile, C:\Users\PanTalir\Documents\GitHub\Programming\STM32Cube\21_PWM_Shutdown_Break\MXTmpFiles\gpio.tmp_save
2025-02-16 23:18:58,923 [INFO] CodeEngine:279 - Generated code: C:\Users\PanTalir\Documents\GitHub\Programming\STM32Cube\21_PWM_Shutdown_Break\MXTmpFiles\gpio.tmp
2025-02-16 23:18:59,104 [INFO] CodeEngine:255 - oldGeneratedFile, C:\Users\PanTalir\Documents\GitHub\Programming\STM32Cube\21_PWM_Shutdown_Break\Core\Src\stm32f1xx_it.c_save
2025-02-16 23:18:59,373 [INFO] CodeEngine:279 - Generated code: C:\Users\PanTalir\Documents\GitHub\Programming\STM32Cube\21_PWM_Shutdown_Break\Core\Src\stm32f1xx_it.c
2025-02-16 23:18:59,380 [INFO] CodeEngine:255 - oldGeneratedFile, C:\Users\PanTalir\Documents\GitHub\Programming\STM32Cube\21_PWM_Shutdown_Break\Core\Inc\stm32f1xx_it.h_save
2025-02-16 23:18:59,494 [INFO] CodeEngine:279 - Generated code: C:\Users\PanTalir\Documents\GitHub\Programming\STM32Cube\21_PWM_Shutdown_Break\Core\Inc\stm32f1xx_it.h
2025-02-16 23:18:59,521 [INFO] CodeEngine:255 - oldGeneratedFile, C:\Users\PanTalir\Documents\GitHub\Programming\STM32Cube\21_PWM_Shutdown_Break\Core\Src\stm32f1xx_hal_msp.c_save
2025-02-16 23:18:59,709 [INFO] CodeEngine:279 - Generated code: C:\Users\PanTalir\Documents\GitHub\Programming\STM32Cube\21_PWM_Shutdown_Break\Core\Src\stm32f1xx_hal_msp.c
2025-02-16 23:18:59,714 [INFO] CodeEngine:255 - oldGeneratedFile, C:\Users\PanTalir\Documents\GitHub\Programming\STM32Cube\21_PWM_Shutdown_Break\MXTmpFiles\system.tmp_save
2025-02-16 23:18:59,779 [INFO] CodeEngine:279 - Generated code: C:\Users\PanTalir\Documents\GitHub\Programming\STM32Cube\21_PWM_Shutdown_Break\MXTmpFiles\system.tmp
2025-02-16 23:18:59,825 [INFO] CodeEngine:311 - oldGeneratedFile, C:\Users\PanTalir\Documents\GitHub\Programming\STM32Cube\21_PWM_Shutdown_Break\Core\Inc\stm32f1xx_hal_conf.h_save
2025-02-16 23:18:59,943 [INFO] CodeEngine:335 - Generated code: C:\Users\PanTalir\Documents\GitHub\Programming\STM32Cube\21_PWM_Shutdown_Break\Core\Inc\stm32f1xx_hal_conf.h
2025-02-16 23:18:59,969 [WARN] IPConfigManager:3618 - IP not found : TIM
2025-02-16 23:18:59,970 [WARN] CodeGenerator:4152 - IP not found : null
2025-02-16 23:18:59,993 [INFO] CodeEngine:255 - oldGeneratedFile, C:\Users\PanTalir\Documents\GitHub\Programming\STM32Cube\21_PWM_Shutdown_Break\Core\Inc\main.h_save
2025-02-16 23:19:00,182 [INFO] CodeEngine:279 - Generated code: C:\Users\PanTalir\Documents\GitHub\Programming\STM32Cube\21_PWM_Shutdown_Break\Core\Inc\main.h
2025-02-16 23:19:00,202 [INFO] CodeEngine:255 - oldGeneratedFile, C:\Users\PanTalir\Documents\GitHub\Programming\STM32Cube\21_PWM_Shutdown_Break\Core\Src\main.c_save
2025-02-16 23:19:00,366 [INFO] CodeEngine:279 - Generated code: C:\Users\PanTalir\Documents\GitHub\Programming\STM32Cube\21_PWM_Shutdown_Break\Core\Src\main.c
2025-02-16 23:19:00,757 [INFO] ProjectBuilder:3289 - Time for Copy HAL[1] : 191mS.
2025-02-16 23:19:00,761 [INFO] ProjectBuilder:4876 - Project Generator version: 4.5.0-RC5
2025-02-16 23:19:00,832 [INFO] ConfigFileManager:1579 - The Die is : DIE410
2025-02-16 23:19:02,237 [INFO] ProjectBuilder:5154 - Time for Generating toolchain IDE Files: 1476mS.
2025-02-16 23:19:02,238 [INFO] ProjectBuilder:3146 - Time for Copy CMSIS : 1mS.
2025-02-16 23:19:02,241 [INFO] ProjectBuilder:3146 - Time for Copy CMSIS : 0mS.
2025-02-16 23:21:07,734 [INFO] NvicIntPanel:101 - NVIC parent = com.st.microxplorer.plugins.ip.nvic.MultiNvicIntPanel[,0,0,0x0,invalid,layout=javax.swing.BoxLayout,alignmentX=0.0,alignmentY=0.0,border=,flags=9,maximumSize=,minimumSize=,preferredSize=]
2025-02-16 23:22:06,026 [INFO] UtilMem:75 - End SaveConfig() Used Memory: 745117216 Bytes (1073741824)
